2021-12-07T15:15:05.8929795+08:00;VSTestExecutionThread;Info;SpecFlow+Runner execution started
2021-12-07T15:15:05.8931508+08:00;VSTestExecutionThread;Info;SpecFlow+Runner 3.9.7 in Framework netcore31 in x64 mode execution started
2021-12-07T15:15:05.8931542+08:00;VSTestExecutionThread;Info;TestAdapter Location: C:\Users\Public\Documents\BSuiteE2ERegressionTestSuite\bin\Debug\netcoreapp3.1\TechTalk.SpecRun.VisualStudio.TestAdapter.dll
2021-12-07T15:15:05.8948111+08:00;VSTestExecutionThread;Info;Current UserName: 'ContainerAdministrator', MachineName: 'A0E0F3DBAD1B'
2021-12-07T15:15:06.0111027+08:00;VSTestExecutionThread;Info;SpecRun: running tests in C:\Users\Public\Documents\BSuiteE2ERegressionTestSuite\bin\Debug\netcoreapp3.1\BSuiteE2ERegressionTestSuite.dll
2021-12-07T15:15:06.0113220+08:00;VSTestExecutionThread;Info;Output folder configured to "TestResults" in profile
2021-12-07T15:15:06.0113836+08:00;VSTestExecutionThread;Info;Profile: RegressionTestSuite
2021-12-07T15:15:06.0385253+08:00;VSTestExecutionThread;Info;Log file path: C:\Users\Public\Documents\BSuiteE2ERegressionTestSuite\bin\Debug\netcoreapp3.1\TestResults\BSuite_RegressionTestSuite_2021-12-07T151506.log
2021-12-07T15:15:06.0423035+08:00;Thread#11;Info;Checking activation
2021-12-07T15:15:06.1114196+08:00;Thread#11;Info;Activated.
2021-12-07T15:15:06.1116471+08:00;Thread#11;Info;Activation check completed
2021-12-07T15:15:06.1117049+08:00;Thread#11;Info;Starting test run
2021-12-07T15:15:06.1819533+08:00;Thread#11;Info;Discovering target: Default
2021-12-07T15:15:06.1820989+08:00;Thread#11;Info;Discovering tests from assembly: C:\Users\Public\Documents\BSuiteE2ERegressionTestSuite\bin\Debug\netcoreapp3.1\BSuiteE2ERegressionTestSuite.dll
2021-12-07T15:15:06.2550407+08:00;Thread#11;Info;Discovered tests from assembly: C:\Users\Public\Documents\BSuiteE2ERegressionTestSuite\bin\Debug\netcoreapp3.1\BSuiteE2ERegressionTestSuite.dll
2021-12-07T15:15:06.2562088+08:00:Test Suite Dump
2021-12-07T15:15:06.2577629+08:00:#0: BSuite/RegressionTestSuite - 
2021-12-07T15:15:06.2577784+08:00:#1: Default - 
2021-12-07T15:15:06.2577800+08:00:#2: BSuiteE2ERegressionTestSuite - 
2021-12-07T15:15:06.2577815+08:00:#3: Login - 
2021-12-07T15:15:06.2597669+08:00:#4: Login to BSuite Desktop Portal - TestAssembly:BSuiteE2ERegressionTestSuite/Feature:Login/Scenario:Login+to+BSuite+Desktop+Portal
2021-12-07T15:15:06.2598329+08:00:End: Test Suite Dump
2021-12-07T15:15:06.2743064+08:00:Thread#0:Scheduler: get next test for thread 0
2021-12-07T15:15:06.2759537+08:00:Thread#:Scheduler: testitem #4 from normal test queue 
2021-12-07T15:15:06.2760331+08:00:Thread#0:Scheduler: considering testitem #4 for thread 0
2021-12-07T15:15:06.2787917+08:00:Thread#0:TestItem#4:testItemMatchesCurrentTestThread:UnSpecific
2021-12-07T15:15:06.2788233+08:00:Thread#0:TestItem#4:runsOnOneOtherThreadSpecific:False
2021-12-07T15:15:06.2788273+08:00:Thread#0:TestItem#4:runsOnOneOtherThreadUnspecific:False
2021-12-07T15:15:06.2788295+08:00:Thread#0:Scheduler: using testitem #4 for thread 0
2021-12-07T15:15:06.2793871+08:00:Thread#0:Scheduler: Test #4 is scheduled for thread
2021-12-07T15:15:06.2803009+08:00:Thread#0:Scheduler: with testItemExecutionIndex 0
2021-12-07T15:15:06.2822331+08:00:Thread #0: creating new test thread executor for BSuiteE2ERegressionTestSuite, Version=1.0.0.0, Culture=neutral, PublicKeyToken=null (target: Default)
2021-12-07T15:15:06.2843997+08:00:Thread #0: Creating test assembly executor for execution model OutProc
2021-12-07T15:15:06.2845976+08:00:Thread #0: Creating test assembly executor for execution model OutProc
2021-12-07T15:15:06.2862743+08:00:Thread #0: using TechTalk.SpecRun.Framework.Execution.OutOfProc.StreamJsonRPC.OutOfProcessTestAssemblyExecutorHost to execute tests
2021-12-07T15:15:06.2876794+08:00:starting Out Of Process Executor
2021-12-07T15:15:06.2892233+08:00:Assembly resolving Microsoft.VisualStudio.Validation, Version=15.3.0.0, Culture=neutral, PublicKeyToken=b03f5f7f11d50a3a
2021-12-07T15:15:06.2917812+08:00:[AssemblyCache] Trying to resolve 'Microsoft.VisualStudio.Validation' from .deps.json file
2021-12-07T15:15:06.2918157+08:00:[AssemblyCache] Could not resolve 'Microsoft.VisualStudio.Validation' from .deps.json
2021-12-07T15:15:06.2928852+08:00:[AssemblyCache] Trying to resolve 'Microsoft.VisualStudio.Validation' in folder 'C:\Users\Public\Documents\BSuiteE2ERegressionTestSuite\bin\Debug\netcoreapp3.1'
2021-12-07T15:15:06.2932039+08:00:[AssemblyCache] Trying to resolve 'Microsoft.VisualStudio.Validation' to 'C:\Users\Public\Documents\BSuiteE2ERegressionTestSuite\bin\Debug\netcoreapp3.1\Microsoft.VisualStudio.Validation.dll'
2021-12-07T15:15:06.2933128+08:00:[AssemblyCache] Trying to resolve 'Microsoft.VisualStudio.Validation' to 'C:\Users\Public\Documents\BSuiteE2ERegressionTestSuite\bin\Debug\netcoreapp3.1\Microsoft.VisualStudio.Validation.exe'
2021-12-07T15:15:06.2933471+08:00:[AssemblyCache] Could not resolve 'Microsoft.VisualStudio.Validation' in folder 'C:\Users\Public\Documents\BSuiteE2ERegressionTestSuite\bin\Debug\netcoreapp3.1'
2021-12-07T15:15:06.2935124+08:00:TargetFramework: .NETCoreApp,Version=v3.1
2021-12-07T15:15:06.2937416+08:00:Tfm: netcoreapp3.1
2021-12-07T15:15:06.2937747+08:00:[AssemblyCache] Trying to resolve 'Microsoft.VisualStudio.Validation' in folder 'C:\Users\Public\Documents\BSuiteE2ERegressionTestSuite\bin\Debug\netcoreapp3.1\SpecFlowPlusRunner\netcoreapp3.1'
2021-12-07T15:15:06.2937790+08:00:[AssemblyCache] Trying to resolve 'Microsoft.VisualStudio.Validation' to 'C:\Users\Public\Documents\BSuiteE2ERegressionTestSuite\bin\Debug\netcoreapp3.1\SpecFlowPlusRunner\netcoreapp3.1\Microsoft.VisualStudio.Validation.dll'
2021-12-07T15:15:06.2938215+08:00:[AssemblyCache] Found file 'C:\Users\Public\Documents\BSuiteE2ERegressionTestSuite\bin\Debug\netcoreapp3.1\SpecFlowPlusRunner\netcoreapp3.1\Microsoft.VisualStudio.Validation.dll' for assembly 'Microsoft.VisualStudio.Validation'
2021-12-07T15:15:06.2941112+08:00:[AssemblyCache] Resolved 'Microsoft.VisualStudio.Validation' to C:\Users\Public\Documents\BSuiteE2ERegressionTestSuite\bin\Debug\netcoreapp3.1\SpecFlowPlusRunner\netcoreapp3.1\Microsoft.VisualStudio.Validation.dll
2021-12-07T15:15:06.2947076+08:00:Starting callback TCP Rpc server
2021-12-07T15:15:06.3084379+08:00:Asynchronously starting background TCP Rpc Server on port 32768
2021-12-07T15:15:06.3085006+08:00:Started callback TCP Rpc server on port 32768
2021-12-07T15:15:06.3085042+08:00:Starting logger TCP Rpc server
2021-12-07T15:15:06.3095283+08:00:Asynchronously starting background TCP Rpc Server on port 32769
2021-12-07T15:15:06.3095673+08:00:Started logger TCP Rpc server on port 32769
2021-12-07T15:15:06.3850326+08:00:Executing test executor at 'dotnet' 'exec "C:\Users\Public\Documents\BSuiteE2ERegressionTestSuite\bin\Debug\netcoreapp3.1\SpecFlowPlusRunner\netcoreapp3.1\TechTalk.SpecRun.Framework.Executor.anycpu.netcoreapp3_1.dll" --remoteRunnerPid 3256 --uniqueId "2021-12-07T151506" --outputFolder "C:\Users\Public\Documents\BSuiteE2ERegressionTestSuite\bin\Debug\netcoreapp3.1\TestResults" --callbackPort 32768 --loggerPort 32769' in 'C:\Users\Public\Documents\BSuiteE2ERegressionTestSuite\bin\Debug\netcoreapp3.1'
2021-12-07T15:15:06.3911723+08:00:Executor with PID 2904 has been started successfully.
2021-12-07T15:15:06.3937550+08:00:Out of Process Executor 2904 started
2021-12-07T15:15:06.3937705+08:00:Waiting for endpoint
2021-12-07T15:15:07.8074508+08:00:Assembly resolving Microsoft.VisualStudio.Threading, Version=15.3.0.0, Culture=neutral, PublicKeyToken=b03f5f7f11d50a3a
2021-12-07T15:15:07.8074921+08:00:[AssemblyCache] Trying to resolve 'Microsoft.VisualStudio.Threading' from .deps.json file
2021-12-07T15:15:07.8074966+08:00:[AssemblyCache] Could not resolve 'Microsoft.VisualStudio.Threading' from .deps.json
2021-12-07T15:15:07.8074998+08:00:[AssemblyCache] Trying to resolve 'Microsoft.VisualStudio.Threading' in folder 'C:\Users\Public\Documents\BSuiteE2ERegressionTestSuite\bin\Debug\netcoreapp3.1'
2021-12-07T15:15:07.8075017+08:00:[AssemblyCache] Trying to resolve 'Microsoft.VisualStudio.Threading' to 'C:\Users\Public\Documents\BSuiteE2ERegressionTestSuite\bin\Debug\netcoreapp3.1\Microsoft.VisualStudio.Threading.dll'
2021-12-07T15:15:07.8075302+08:00:[AssemblyCache] Trying to resolve 'Microsoft.VisualStudio.Threading' to 'C:\Users\Public\Documents\BSuiteE2ERegressionTestSuite\bin\Debug\netcoreapp3.1\Microsoft.VisualStudio.Threading.exe'
2021-12-07T15:15:07.8075557+08:00:[AssemblyCache] Could not resolve 'Microsoft.VisualStudio.Threading' in folder 'C:\Users\Public\Documents\BSuiteE2ERegressionTestSuite\bin\Debug\netcoreapp3.1'
2021-12-07T15:15:07.8075581+08:00:TargetFramework: .NETCoreApp,Version=v3.1
2021-12-07T15:15:07.8075699+08:00:Tfm: netcoreapp3.1
2021-12-07T15:15:07.8075729+08:00:[AssemblyCache] Trying to resolve 'Microsoft.VisualStudio.Threading' in folder 'C:\Users\Public\Documents\BSuiteE2ERegressionTestSuite\bin\Debug\netcoreapp3.1\SpecFlowPlusRunner\netcoreapp3.1'
2021-12-07T15:15:07.8075739+08:00:[AssemblyCache] Trying to resolve 'Microsoft.VisualStudio.Threading' to 'C:\Users\Public\Documents\BSuiteE2ERegressionTestSuite\bin\Debug\netcoreapp3.1\SpecFlowPlusRunner\netcoreapp3.1\Microsoft.VisualStudio.Threading.dll'
2021-12-07T15:15:07.8075962+08:00:[AssemblyCache] Found file 'C:\Users\Public\Documents\BSuiteE2ERegressionTestSuite\bin\Debug\netcoreapp3.1\SpecFlowPlusRunner\netcoreapp3.1\Microsoft.VisualStudio.Threading.dll' for assembly 'Microsoft.VisualStudio.Threading'
2021-12-07T15:15:07.8079120+08:00:[AssemblyCache] Resolved 'Microsoft.VisualStudio.Threading' to C:\Users\Public\Documents\BSuiteE2ERegressionTestSuite\bin\Debug\netcoreapp3.1\SpecFlowPlusRunner\netcoreapp3.1\Microsoft.VisualStudio.Threading.dll
2021-12-07T15:15:09.7934898+08:00:Remote executor port received: 32770
2021-12-07T15:15:09.7937837+08:00:Creating executor TCP client on port 32770
2021-12-07T15:15:09.7940994+08:00:Created executor TCP client on port 32770
2021-12-07T15:15:09.7941211+08:00:Connecting to remote executor TCP server
2021-12-07T15:15:09.7947574+08:00:Connected remote executor TCP server
2021-12-07T15:15:09.7948950+08:00:trying to connect to Out of Process Executor the 1 attempt
2021-12-07T15:15:09.7949001+08:00:Connection to Out of Process Executor established in the 1 attempt
2021-12-07T15:15:09.9190852+08:00:2021-12-07T15:15:09.9161453+08:00:OutOfProcessTestAssemblyExecutor: initialized for C:\Users\Public\Documents\BSuiteE2ERegressionTestSuite\bin\Debug\netcoreapp3.1\BSuiteE2ERegressionTestSuite.dll on test thread #0
2021-12-07T15:15:09.9230553+08:00:Endpoint 2904 started
2021-12-07T15:15:09.9400364+08:00:2021-12-07T15:15:09.9395068+08:00:OutOfProcessTestAssemblyExecutor: running tests...
2021-12-07T15:15:10.0419222+08:00:2021-12-07T15:15:10.0414230+08:00:Assembly resolving TechTalk.SpecFlow, Version=3.9.0.0, Culture=neutral, PublicKeyToken=0778194805d6db41
2021-12-07T15:15:10.0450663+08:00:2021-12-07T15:15:10.0446690+08:00:[AssemblyCache] Trying to resolve 'TechTalk.SpecFlow' from .deps.json file
2021-12-07T15:15:10.0483803+08:00:2021-12-07T15:15:10.0477344+08:00:[AssemblyCache] Resolved 'TechTalk.SpecFlow' to 'C:\Users\ContainerAdministrator\.nuget\packages\specflow\3.9.8\lib\netstandard2.0\TechTalk.SpecFlow.dll'
2021-12-07T15:15:10.1487814+08:00:2021-12-07T15:15:10.1473593+08:00:Thread#0:T:-> Loading plugin C:\Users\Public\Documents\BSuiteE2ERegressionTestSuite\bin\Debug\netcoreapp3.1\BSuiteE2ERegressionTestSuite.dll
2021-12-07T15:15:10.1518566+08:00:2021-12-07T15:15:10.1503779+08:00:Assembly resolving Microsoft.Extensions.DependencyModel, Version=1.0.1.0, Culture=neutral, PublicKeyToken=adb9793829ddae60
2021-12-07T15:15:10.1539633+08:00:2021-12-07T15:15:10.1528004+08:00:[AssemblyCache] Trying to resolve 'Microsoft.Extensions.DependencyModel' from .deps.json file
2021-12-07T15:15:10.1571715+08:00:2021-12-07T15:15:10.1551445+08:00:[AssemblyCache] Resolved 'Microsoft.Extensions.DependencyModel' to 'C:\Users\ContainerAdministrator\.nuget\packages\microsoft.extensions.dependencymodel\1.0.3\lib\netstandard1.6\Microsoft.Extensions.DependencyModel.dll'
2021-12-07T15:15:10.2261287+08:00:2021-12-07T15:15:10.2245504+08:00:Assembly resolving Microsoft.DotNet.PlatformAbstractions, Version=1.0.1.0, Culture=neutral, PublicKeyToken=adb9793829ddae60
2021-12-07T15:15:10.2273641+08:00:2021-12-07T15:15:10.2268649+08:00:[AssemblyCache] Trying to resolve 'Microsoft.DotNet.PlatformAbstractions' from .deps.json file
2021-12-07T15:15:10.2284755+08:00:2021-12-07T15:15:10.2279306+08:00:[AssemblyCache] Resolved 'Microsoft.DotNet.PlatformAbstractions' to 'C:\Users\ContainerAdministrator\.nuget\packages\microsoft.dotnet.platformabstractions\1.0.3\lib\netstandard1.3\Microsoft.DotNet.PlatformAbstractions.dll'
2021-12-07T15:15:10.2606181+08:00:2021-12-07T15:15:10.2598806+08:00:Thread#0:T:-> Missing [assembly:RuntimePlugin] attribute in BSuiteE2ERegressionTestSuite, Version=1.0.0.0, Culture=neutral, PublicKeyToken=null. Please check https://go.specflow.org/doc-plugins for details.
2021-12-07T15:15:10.2617102+08:00:2021-12-07T15:15:10.2611501+08:00:Thread#0:T:-> Loading plugin C:\Users\Public\Documents\BSuiteE2ERegressionTestSuite\bin\Debug\netcoreapp3.1\LivingDoc.SpecFlowPlugin.dll
2021-12-07T15:15:10.2754889+08:00:2021-12-07T15:15:10.2748176+08:00:Assembly resolving LivingDoc.Dtos, Version=3.9.0.0, Culture=neutral, PublicKeyToken=null
2021-12-07T15:15:10.2762619+08:00:2021-12-07T15:15:10.2758460+08:00:[AssemblyCache] Trying to resolve 'LivingDoc.Dtos' from .deps.json file
2021-12-07T15:15:10.2772362+08:00:2021-12-07T15:15:10.2767571+08:00:[AssemblyCache] Resolved 'LivingDoc.Dtos' to 'C:\Users\ContainerAdministrator\.nuget\packages\specflow.plus.livingdocplugin\3.9.57\lib\netstandard2.0\LivingDoc.Dtos.dll'
2021-12-07T15:15:10.2806797+08:00:2021-12-07T15:15:10.2799494+08:00:Thread#0:T:-> Loading plugin C:\Users\Public\Documents\BSuiteE2ERegressionTestSuite\bin\Debug\netcoreapp3.1\SpecRun.Runtime.SpecFlowPlugin.dll
2021-12-07T15:15:10.3218533+08:00:2021-12-07T15:15:10.3211057+08:00:Thread#0:T:-> Using default config
2021-12-07T15:15:10.3352084+08:00:2021-12-07T15:15:10.3343367+08:00:Assembly resolving Cucumber.Messages, Version=6.0.1.0, Culture=neutral, PublicKeyToken=b10c5988214f940c
2021-12-07T15:15:10.3362240+08:00:2021-12-07T15:15:10.3357443+08:00:[AssemblyCache] Trying to resolve 'Cucumber.Messages' from .deps.json file
2021-12-07T15:15:10.3372178+08:00:2021-12-07T15:15:10.3367509+08:00:[AssemblyCache] Resolved 'Cucumber.Messages' to 'C:\Users\ContainerAdministrator\.nuget\packages\cucumber.messages\6.0.1\lib\netstandard2.0\Cucumber.Messages.dll'
2021-12-07T15:15:10.3388574+08:00:2021-12-07T15:15:10.3383367+08:00:Assembly resolving Google.Protobuf, Version=3.7.0.0, Culture=neutral, PublicKeyToken=a7d26565bac4d604
2021-12-07T15:15:10.3395628+08:00:2021-12-07T15:15:10.3391680+08:00:[AssemblyCache] Trying to resolve 'Google.Protobuf' from .deps.json file
2021-12-07T15:15:10.3407132+08:00:2021-12-07T15:15:10.3400200+08:00:[AssemblyCache] Resolved 'Google.Protobuf' to 'C:\Users\ContainerAdministrator\.nuget\packages\google.protobuf\3.7.0\lib\netstandard1.0\Google.Protobuf.dll'
2021-12-07T15:15:10.3575567+08:00:2021-12-07T15:15:10.3568659+08:00:Assembly resolving Microsoft.VisualStudio.TestPlatform.ObjectModel, Version=15.0.0.0, Culture=neutral, PublicKeyToken=b03f5f7f11d50a3a
2021-12-07T15:15:10.3583986+08:00:2021-12-07T15:15:10.3579895+08:00:[AssemblyCache] Trying to resolve 'Microsoft.VisualStudio.TestPlatform.ObjectModel' from .deps.json file
2021-12-07T15:15:10.3593825+08:00:2021-12-07T15:15:10.3589084+08:00:[AssemblyCache] Resolved 'Microsoft.VisualStudio.TestPlatform.ObjectModel' to 'C:\Users\ContainerAdministrator\.nuget\packages\microsoft.testplatform.objectmodel\16.11.0\lib\netcoreapp2.1\Microsoft.VisualStudio.TestPlatform.ObjectModel.dll'
2021-12-07T15:15:10.4238855+08:00:2021-12-07T15:15:10.4233317+08:00:Assembly resolving SpecFlow.Internal.Json, Version=1.0.0.0, Culture=neutral, PublicKeyToken=0778194805d6db41
2021-12-07T15:15:10.4244657+08:00:2021-12-07T15:15:10.4241509+08:00:[AssemblyCache] Trying to resolve 'SpecFlow.Internal.Json' from .deps.json file
2021-12-07T15:15:10.4251633+08:00:2021-12-07T15:15:10.4248045+08:00:[AssemblyCache] Resolved 'SpecFlow.Internal.Json' to 'C:\Users\ContainerAdministrator\.nuget\packages\specflow.internal.json\1.0.8\lib\netstandard2.0\SpecFlow.Internal.Json.dll'
2021-12-07T15:15:10.5218941+08:00:Thread#0: Test #4/0 is started on thread #0
2021-12-07T15:15:10.5319244+08:00:2021-12-07T15:15:10.5311023+08:00:Assembly resolving SeleniumExtras.PageObjects.Linq, Version=1.0.0.0, Culture=neutral, PublicKeyToken=null
2021-12-07T15:15:10.5326413+08:00:2021-12-07T15:15:10.5323167+08:00:[AssemblyCache] Trying to resolve 'SeleniumExtras.PageObjects.Linq' from .deps.json file
2021-12-07T15:15:10.5334083+08:00:2021-12-07T15:15:10.5330742+08:00:[AssemblyCache] Resolved 'SeleniumExtras.PageObjects.Linq' to 'C:\Users\ContainerAdministrator\.nuget\packages\dotnetseleniumextras.pageobjects.core.linq\1.0.0\lib\netstandard2.0\SeleniumExtras.PageObjects.Linq.dll'
2021-12-07T15:15:10.5432041+08:00:2021-12-07T15:15:10.5426734+08:00:Assembly resolving WebDriver, Version=3.141.0.0, Culture=neutral, PublicKeyToken=null
2021-12-07T15:15:10.5438116+08:00:2021-12-07T15:15:10.5435135+08:00:[AssemblyCache] Trying to resolve 'WebDriver' from .deps.json file
2021-12-07T15:15:10.5445619+08:00:2021-12-07T15:15:10.5442459+08:00:[AssemblyCache] Resolved 'WebDriver' to 'C:\Users\ContainerAdministrator\.nuget\packages\selenium.webdriver\3.141.0\lib\netstandard2.0\WebDriver.dll'
2021-12-07T15:15:11.8676354+08:00:2021-12-07T15:15:11.8656339+08:00:Thread#0:T:Chrome executable version: 96.0.4664.45
2021-12-07T15:15:11.8725094+08:00:2021-12-07T15:15:11.8692973+08:00:Thread#0:T:Chromedriver Path: C:\Users\Public\Documents\BSuiteE2ERegressionTestSuite\bin\Debug\netcoreapp3.1\TestResults\Drivers\chromedriver\V96
2021-12-07T15:15:11.9376919+08:00:2021-12-07T15:15:11.9340799+08:00:Thread#0:B:Given I have logged into 'BSuite Desktop' portal as a User with following User Profile
2021-12-07T15:15:11.9397842+08:00:2021-12-07T15:15:11.9390525+08:00:Thread#0:B:  --- table step argument ---
2021-12-07T15:15:11.9403713+08:00:2021-12-07T15:15:11.9400603+08:00:Thread#0:B:  | Role         | Username         | Password |
2021-12-07T15:15:11.9407428+08:00:2021-12-07T15:15:11.9405424+08:00:Thread#0:B:  | System Admin | TestSystemAdmin3 | bsuite   |
2021-12-07T15:15:11.9543752+08:00:2021-12-07T15:15:11.9539214+08:00:Assembly resolving nunit.framework, Version=3.13.2.0, Culture=neutral, PublicKeyToken=2638cd05610744eb
2021-12-07T15:15:11.9550337+08:00:2021-12-07T15:15:11.9546752+08:00:[AssemblyCache] Trying to resolve 'nunit.framework' from .deps.json file
2021-12-07T15:15:11.9558049+08:00:2021-12-07T15:15:11.9554177+08:00:[AssemblyCache] Resolved 'nunit.framework' to 'C:\Users\ContainerAdministrator\.nuget\packages\nunit\3.13.2\lib\netstandard2.0\nunit.framework.dll'
2021-12-07T15:15:11.9642225+08:00:2021-12-07T15:15:11.9635830+08:00:Assembly resolving System.Net.Requests.resources, Version=4.1.2.0, Culture=en-US, PublicKeyToken=b03f5f7f11d50a3a
2021-12-07T15:15:11.9648685+08:00:2021-12-07T15:15:11.9645033+08:00:[AssemblyCache] Trying to resolve 'System.Net.Requests.resources' from .deps.json file
2021-12-07T15:15:11.9652945+08:00:2021-12-07T15:15:11.9650695+08:00:[AssemblyCache] Could not resolve 'System.Net.Requests.resources' from .deps.json
2021-12-07T15:15:11.9682151+08:00:2021-12-07T15:15:11.9671658+08:00:[AssemblyCache] Trying to resolve 'System.Net.Requests.resources' in folder 'C:\Users\Public\Documents\BSuiteE2ERegressionTestSuite\bin\Debug\netcoreapp3.1'
2021-12-07T15:15:11.9735187+08:00:2021-12-07T15:15:11.9729887+08:00:[AssemblyCache] Trying to resolve 'System.Net.Requests.resources' to 'C:\Users\Public\Documents\BSuiteE2ERegressionTestSuite\bin\Debug\netcoreapp3.1\System.Net.Requests.resources.dll'
2021-12-07T15:15:11.9742581+08:00:2021-12-07T15:15:11.9739086+08:00:[AssemblyCache] Trying to resolve 'System.Net.Requests.resources' to 'C:\Users\Public\Documents\BSuiteE2ERegressionTestSuite\bin\Debug\netcoreapp3.1\System.Net.Requests.resources.exe'
2021-12-07T15:15:11.9747536+08:00:2021-12-07T15:15:11.9745046+08:00:[AssemblyCache] Could not resolve 'System.Net.Requests.resources' in folder 'C:\Users\Public\Documents\BSuiteE2ERegressionTestSuite\bin\Debug\netcoreapp3.1'
2021-12-07T15:15:11.9756251+08:00:2021-12-07T15:15:11.9752491+08:00:TargetFramework: .NETCoreApp,Version=v3.1
2021-12-07T15:15:11.9766098+08:00:2021-12-07T15:15:11.9762217+08:00:Tfm: netcoreapp3.1
2021-12-07T15:15:11.9771361+08:00:2021-12-07T15:15:11.9768243+08:00:[AssemblyCache] Trying to resolve 'System.Net.Requests.resources' in folder 'C:\Users\Public\Documents\BSuiteE2ERegressionTestSuite\bin\Debug\netcoreapp3.1\SpecFlowPlusRunner\netcoreapp3.1'
2021-12-07T15:15:11.9775341+08:00:2021-12-07T15:15:11.9773163+08:00:[AssemblyCache] Trying to resolve 'System.Net.Requests.resources' to 'C:\Users\Public\Documents\BSuiteE2ERegressionTestSuite\bin\Debug\netcoreapp3.1\SpecFlowPlusRunner\netcoreapp3.1\System.Net.Requests.resources.dll'
2021-12-07T15:15:11.9781429+08:00:2021-12-07T15:15:11.9778286+08:00:[AssemblyCache] Trying to resolve 'System.Net.Requests.resources' to 'C:\Users\Public\Documents\BSuiteE2ERegressionTestSuite\bin\Debug\netcoreapp3.1\SpecFlowPlusRunner\netcoreapp3.1\System.Net.Requests.resources.exe'
2021-12-07T15:15:11.9786054+08:00:2021-12-07T15:15:11.9783701+08:00:[AssemblyCache] Could not resolve 'System.Net.Requests.resources' in folder 'C:\Users\Public\Documents\BSuiteE2ERegressionTestSuite\bin\Debug\netcoreapp3.1\SpecFlowPlusRunner\netcoreapp3.1'
2021-12-07T15:15:11.9882509+08:00:2021-12-07T15:15:11.9877617+08:00:[AssemblyCache] Trying to resolve 'System.Net.Requests.resources' in folder 'C:\Program Files\dotnet\shared\Microsoft.AspNetCore.App\3.1.0'
2021-12-07T15:15:11.9887241+08:00:2021-12-07T15:15:11.9884645+08:00:[AssemblyCache] Trying to resolve 'System.Net.Requests.resources' to 'C:\Program Files\dotnet\shared\Microsoft.AspNetCore.App\3.1.0\System.Net.Requests.resources.dll'
2021-12-07T15:15:11.9898346+08:00:2021-12-07T15:15:11.9893671+08:00:[AssemblyCache] Trying to resolve 'System.Net.Requests.resources' to 'C:\Program Files\dotnet\shared\Microsoft.AspNetCore.App\3.1.0\System.Net.Requests.resources.exe'
2021-12-07T15:15:11.9911443+08:00:2021-12-07T15:15:11.9906806+08:00:[AssemblyCache] Could not resolve 'System.Net.Requests.resources' in folder 'C:\Program Files\dotnet\shared\Microsoft.AspNetCore.App\3.1.0'
2021-12-07T15:15:11.9922413+08:00:2021-12-07T15:15:11.9918065+08:00:[AssemblyCache] Trying to resolve 'System.Net.Requests.resources' in folder 'C:\Program Files\dotnet\shared\Microsoft.NETCore.App\3.1.0'
2021-12-07T15:15:11.9927302+08:00:2021-12-07T15:15:11.9924598+08:00:[AssemblyCache] Trying to resolve 'System.Net.Requests.resources' to 'C:\Program Files\dotnet\shared\Microsoft.NETCore.App\3.1.0\System.Net.Requests.resources.dll'
2021-12-07T15:15:11.9933783+08:00:2021-12-07T15:15:11.9930568+08:00:[AssemblyCache] Trying to resolve 'System.Net.Requests.resources' to 'C:\Program Files\dotnet\shared\Microsoft.NETCore.App\3.1.0\System.Net.Requests.resources.exe'
2021-12-07T15:15:11.9940377+08:00:2021-12-07T15:15:11.9936522+08:00:[AssemblyCache] Could not resolve 'System.Net.Requests.resources' in folder 'C:\Program Files\dotnet\shared\Microsoft.NETCore.App\3.1.0'
2021-12-07T15:15:11.9951018+08:00:2021-12-07T15:15:11.9946383+08:00:[AssemblyCache] Trying to resolve 'System.Net.Requests.resources' in folder 'C:\Program Files\dotnet\shared\Microsoft.WindowsDesktop.App\3.1.0'
2021-12-07T15:15:11.9957393+08:00:2021-12-07T15:15:11.9953636+08:00:[AssemblyCache] Trying to resolve 'System.Net.Requests.resources' to 'C:\Program Files\dotnet\shared\Microsoft.WindowsDesktop.App\3.1.0\System.Net.Requests.resources.dll'
2021-12-07T15:15:11.9973981+08:00:2021-12-07T15:15:11.9969377+08:00:[AssemblyCache] Trying to resolve 'System.Net.Requests.resources' to 'C:\Program Files\dotnet\shared\Microsoft.WindowsDesktop.App\3.1.0\System.Net.Requests.resources.exe'
2021-12-07T15:15:11.9981397+08:00:2021-12-07T15:15:11.9977615+08:00:[AssemblyCache] Could not resolve 'System.Net.Requests.resources' in folder 'C:\Program Files\dotnet\shared\Microsoft.WindowsDesktop.App\3.1.0'
2021-12-07T15:15:12.0023254+08:00:2021-12-07T15:15:12.0018217+08:00:Assembly resolving System.Net.Requests.resources, Version=4.1.2.0, Culture=en, PublicKeyToken=b03f5f7f11d50a3a
2021-12-07T15:15:12.0502139+08:00:2021-12-07T15:15:12.0497051+08:00:Thread#0:T:error: invalid argument
2021-12-07T15:15:12.0510982+08:00:2021-12-07T15:15:12.0506346+08:00:Thread#0:T:  (Session info: chrome=96.0.4664.45) (0.1s)
2021-12-07T15:15:12.1401217+08:00:2021-12-07T15:15:12.1395352+08:00:Thread#0:T:SCREENSHOT[ file:///C:\Users\Public\Documents\BSuiteE2ERegressionTestSuite\bin\Debug\netcoreapp3.1\TestResults\tmpF141.png ]SCREENSHOT
2021-12-07T15:15:12.1439122+08:00:2021-12-07T15:15:12.1433553+08:00:Thread#0:B:Then login is successful
2021-12-07T15:15:12.1462702+08:00:2021-12-07T15:15:12.1456633+08:00:Thread#0:T:skipped because of previous errors
2021-12-07T15:15:12.1765952+08:00:Thread#0:TestItem#4:Scheduler: reschedule tests for testitem #4
2021-12-07T15:15:12.1792711+08:00:Thread#0:Scheduler: get next test for thread 0
2021-12-07T15:15:12.1793918+08:00:Thread#:Scheduler: dequeuing a rescheduled testitem: #4
2021-12-07T15:15:12.1793997+08:00:Thread#0:Scheduler: considering testitem #4 for thread 0
2021-12-07T15:15:12.1794897+08:00:Thread#0:TestItem#4:testItemMatchesCurrentTestThread:UnSpecific
2021-12-07T15:15:12.1795224+08:00:Thread#0:TestItem#4:runsOnOneOtherThreadSpecific:False
2021-12-07T15:15:12.1795262+08:00:Thread#0:TestItem#4:runsOnOneOtherThreadUnspecific:False
2021-12-07T15:15:12.1795289+08:00:Thread#0:Scheduler: using testitem #4 for thread 0
2021-12-07T15:15:12.1795644+08:00:Thread#0:Scheduler: Test #4 is scheduled for thread
2021-12-07T15:15:12.1796004+08:00:Thread#0:Scheduler: with testItemExecutionIndex 1
2021-12-07T15:15:12.1860816+08:00:2021-12-07T15:15:12.1855138+08:00:Thread#0:T:Test Run End Date and Time:12/7/2021 3:15:12 PM
2021-12-07T15:15:12.1870155+08:00:2021-12-07T15:15:12.1865990+08:00:Thread#0:T:Test Run Duration: 0 hours 0 minutes 0 seconds 0 milliseconds
2021-12-07T15:15:12.1877750+08:00:2021-12-07T15:15:12.1874052+08:00:Thread#0:T:Test Environment: TTN</p>
2021-12-07T15:15:12.1971483+08:00:2021-12-07T15:15:12.1965711+08:00:Thread#0:T:Test Run Initiated By: User Manager\ContainerAdministrator from computer with hostname: a0e0f3dbad1b</p>
2021-12-07T15:15:12.1980732+08:00:2021-12-07T15:15:12.1976372+08:00:Thread#0:T:BSuite Application Software Version Tested: 
2021-12-07T15:15:12.1988127+08:00:2021-12-07T15:15:12.1984421+08:00:Thread#0:T:Browser Name: chrome
2021-12-07T15:15:12.1995637+08:00:2021-12-07T15:15:12.1991865+08:00:Thread#0:T:Browser Version: 96.0.4664.45
2021-12-07T15:15:12.2003618+08:00:2021-12-07T15:15:12.1999962+08:00:Thread#0:T:Platform Name: windows
2021-12-07T15:15:12.2365837+08:00:2021-12-07T15:15:12.2359266+08:00:Thread#0:T:Exception: no such element: Unable to locate element: {"method":"css selector","selector":"#ctl0_ctl3_logout"}
2021-12-07T15:15:12.2372654+08:00:2021-12-07T15:15:12.2369305+08:00:Thread#0:T:  (Session info: chrome=96.0.4664.45)
2021-12-07T15:15:12.3795225+08:00:Thread#0: Test #4/0 is finished on thread #0 as Failed within 1.8564079 seconds
2021-12-07T15:15:12.3823801+08:00:Thread#0: Test #4/1 is started on thread #0
2021-12-07T15:15:13.6646777+08:00:2021-12-07T15:15:13.6631161+08:00:Thread#0:T:Chrome executable version: 96.0.4664.45
2021-12-07T15:15:13.6658281+08:00:2021-12-07T15:15:13.6655166+08:00:Thread#0:T:Chromedriver Path: C:\Users\Public\Documents\BSuiteE2ERegressionTestSuite\bin\Debug\netcoreapp3.1\TestResults\Drivers\chromedriver\V96
2021-12-07T15:15:13.7108409+08:00:2021-12-07T15:15:13.7103772+08:00:Thread#0:B:Given I have logged into 'BSuite Desktop' portal as a User with following User Profile
2021-12-07T15:15:13.7114904+08:00:2021-12-07T15:15:13.7111946+08:00:Thread#0:B:  --- table step argument ---
2021-12-07T15:15:13.7120181+08:00:2021-12-07T15:15:13.7117310+08:00:Thread#0:B:  | Role         | Username         | Password |
2021-12-07T15:15:13.7125825+08:00:2021-12-07T15:15:13.7123000+08:00:Thread#0:B:  | System Admin | TestSystemAdmin3 | bsuite   |
2021-12-07T15:15:13.7232572+08:00:2021-12-07T15:15:13.7227999+08:00:Thread#0:T:error: invalid argument
2021-12-07T15:15:13.7238653+08:00:2021-12-07T15:15:13.7235679+08:00:Thread#0:T:  (Session info: chrome=96.0.4664.45) (0.0s)
2021-12-07T15:15:13.8343932+08:00:2021-12-07T15:15:13.8338471+08:00:Thread#0:T:SCREENSHOT[ file:///C:\Users\Public\Documents\BSuiteE2ERegressionTestSuite\bin\Debug\netcoreapp3.1\TestResults\tmpF7DA.png ]SCREENSHOT
2021-12-07T15:15:13.8352142+08:00:2021-12-07T15:15:13.8348331+08:00:Thread#0:B:Then login is successful
2021-12-07T15:15:13.8360839+08:00:2021-12-07T15:15:13.8356745+08:00:Thread#0:T:skipped because of previous errors
2021-12-07T15:15:13.8388705+08:00:Thread#0:Scheduler: get next test for thread 0
2021-12-07T15:15:13.8389614+08:00:Thread#:Scheduler: dequeuing a rescheduled testitem: #4
2021-12-07T15:15:13.8389708+08:00:Thread#0:Scheduler: considering testitem #4 for thread 0
2021-12-07T15:15:13.8390646+08:00:Thread#0:TestItem#4:testItemMatchesCurrentTestThread:UnSpecific
2021-12-07T15:15:13.8390949+08:00:Thread#0:TestItem#4:runsOnOneOtherThreadSpecific:False
2021-12-07T15:15:13.8390993+08:00:Thread#0:TestItem#4:runsOnOneOtherThreadUnspecific:False
2021-12-07T15:15:13.8391023+08:00:Thread#0:Scheduler: using testitem #4 for thread 0
2021-12-07T15:15:13.8391602+08:00:Thread#0:Scheduler: Test #4 is scheduled for thread
2021-12-07T15:15:13.8392087+08:00:Thread#0:Scheduler: with testItemExecutionIndex 2
2021-12-07T15:15:13.8405799+08:00:2021-12-07T15:15:13.8400602+08:00:Thread#0:T:Test Run End Date and Time:12/7/2021 3:15:13 PM
2021-12-07T15:15:13.8413495+08:00:2021-12-07T15:15:13.8409368+08:00:Thread#0:T:Test Run Duration: 0 hours 0 minutes 1 seconds 655 milliseconds
2021-12-07T15:15:13.8419930+08:00:2021-12-07T15:15:13.8416586+08:00:Thread#0:T:Test Environment: TTN</p>
2021-12-07T15:15:13.8433542+08:00:2021-12-07T15:15:13.8429723+08:00:Thread#0:T:Test Run Initiated By: User Manager\ContainerAdministrator from computer with hostname: a0e0f3dbad1b</p>
2021-12-07T15:15:13.8441449+08:00:2021-12-07T15:15:13.8437930+08:00:Thread#0:T:BSuite Application Software Version Tested: 
2021-12-07T15:15:13.8447199+08:00:2021-12-07T15:15:13.8444070+08:00:Thread#0:T:Browser Name: chrome
2021-12-07T15:15:13.8452781+08:00:2021-12-07T15:15:13.8450040+08:00:Thread#0:T:Browser Version: 96.0.4664.45
2021-12-07T15:15:13.8459666+08:00:2021-12-07T15:15:13.8456865+08:00:Thread#0:T:Platform Name: windows
2021-12-07T15:15:13.8694118+08:00:2021-12-07T15:15:13.8688886+08:00:Thread#0:T:Exception: no such element: Unable to locate element: {"method":"css selector","selector":"#ctl0_ctl3_logout"}
2021-12-07T15:15:13.8699814+08:00:2021-12-07T15:15:13.8697056+08:00:Thread#0:T:  (Session info: chrome=96.0.4664.45)
2021-12-07T15:15:13.9568276+08:00:Thread#0: Test #4/1 is finished on thread #0 as Failed within 1.574294 seconds
2021-12-07T15:15:13.9582389+08:00:Thread#0: Test #4/2 is started on thread #0
2021-12-07T15:15:15.1106766+08:00:2021-12-07T15:15:15.0959122+08:00:Thread#0:T:Chrome executable version: 96.0.4664.45
2021-12-07T15:15:15.1124998+08:00:2021-12-07T15:15:15.1116602+08:00:Thread#0:T:Chromedriver Path: C:\Users\Public\Documents\BSuiteE2ERegressionTestSuite\bin\Debug\netcoreapp3.1\TestResults\Drivers\chromedriver\V96
2021-12-07T15:15:15.1400004+08:00:2021-12-07T15:15:15.1394986+08:00:Thread#0:B:Given I have logged into 'BSuite Desktop' portal as a User with following User Profile
2021-12-07T15:15:15.1404076+08:00:2021-12-07T15:15:15.1402535+08:00:Thread#0:B:  --- table step argument ---
2021-12-07T15:15:15.1406404+08:00:2021-12-07T15:15:15.1405161+08:00:Thread#0:B:  | Role         | Username         | Password |
2021-12-07T15:15:15.1409029+08:00:2021-12-07T15:15:15.1407879+08:00:Thread#0:B:  | System Admin | TestSystemAdmin3 | bsuite   |
2021-12-07T15:15:15.1489833+08:00:2021-12-07T15:15:15.1484991+08:00:Thread#0:T:error: invalid argument
2021-12-07T15:15:15.1496613+08:00:2021-12-07T15:15:15.1493500+08:00:Thread#0:T:  (Session info: chrome=96.0.4664.45) (0.0s)
2021-12-07T15:15:15.2350409+08:00:2021-12-07T15:15:15.2320338+08:00:Thread#0:T:SCREENSHOT[ file:///C:\Users\Public\Documents\BSuiteE2ERegressionTestSuite\bin\Debug\netcoreapp3.1\TestResults\tmpFD59.png ]SCREENSHOT
2021-12-07T15:15:15.2358368+08:00:2021-12-07T15:15:15.2354092+08:00:Thread#0:B:Then login is successful
2021-12-07T15:15:15.2384767+08:00:2021-12-07T15:15:15.2380294+08:00:Thread#0:T:skipped because of previous errors
2021-12-07T15:15:15.2408830+08:00:Thread#0:Scheduler: get next test for thread 0
2021-12-07T15:15:15.2409214+08:00:Thread#:Scheduler: at the end of normal test queue
2021-12-07T15:15:15.2409237+08:00:Thread#0:Scheduler: enumerator for thread is at end
2021-12-07T15:15:15.2409278+08:00:Thread#0:Scheduler: No more tests for thread
2021-12-07T15:15:15.2419139+08:00:2021-12-07T15:15:15.2414893+08:00:Thread#0:T:Test Run End Date and Time:12/7/2021 3:15:15 PM
2021-12-07T15:15:15.2422433+08:00:2021-12-07T15:15:15.2421034+08:00:Thread#0:T:Test Run Duration: 0 hours 0 minutes 3 seconds 56 milliseconds
2021-12-07T15:15:15.2424678+08:00:2021-12-07T15:15:15.2423536+08:00:Thread#0:T:Test Environment: TTN</p>
2021-12-07T15:15:15.2435428+08:00:2021-12-07T15:15:15.2431748+08:00:Thread#0:T:Test Run Initiated By: User Manager\ContainerAdministrator from computer with hostname: a0e0f3dbad1b</p>
2021-12-07T15:15:15.2438657+08:00:2021-12-07T15:15:15.2437248+08:00:Thread#0:T:BSuite Application Software Version Tested: 
2021-12-07T15:15:15.2441263+08:00:2021-12-07T15:15:15.2440054+08:00:Thread#0:T:Browser Name: chrome
2021-12-07T15:15:15.2443387+08:00:2021-12-07T15:15:15.2442310+08:00:Thread#0:T:Browser Version: 96.0.4664.45
2021-12-07T15:15:15.2445448+08:00:2021-12-07T15:15:15.2444365+08:00:Thread#0:T:Platform Name: windows
2021-12-07T15:15:15.2660158+08:00:2021-12-07T15:15:15.2655019+08:00:Thread#0:T:Exception: no such element: Unable to locate element: {"method":"css selector","selector":"#ctl0_ctl3_logout"}
2021-12-07T15:15:15.2663663+08:00:2021-12-07T15:15:15.2662175+08:00:Thread#0:T:  (Session info: chrome=96.0.4664.45)
2021-12-07T15:15:15.3450324+08:00:Thread#0: Test #4/2 is finished on thread #0 as Failed within 1.3866255 seconds
2021-12-07T15:15:15.3529299+08:00:2021-12-07T15:15:15.3525901+08:00:Got Deinitialize Signal
2021-12-07T15:15:15.3561132+08:00:RPC Client disconnected, because 'Disposed'. 
LastMessage: 
Description:Stream has been disposed
Exception:<none>
2021-12-07T15:15:15.3566295+08:00:RPC Server disconnected, because 'Disposed'. 
LastMessage: 
Description:Reached end of stream.
Exception:<none>
2021-12-07T15:15:15.3595096+08:00:RPC Server disconnected, because 'Disposed'. 
LastMessage: 
Description:Stream has been disposed
Exception:<none>
2021-12-07T15:15:15.3610663+08:00:Assembly resolving System.Diagnostics.Process.resources, Version=4.2.2.0, Culture=en-US, PublicKeyToken=b03f5f7f11d50a3a
2021-12-07T15:15:15.3610838+08:00:[AssemblyCache] Trying to resolve 'System.Diagnostics.Process.resources' from .deps.json file
2021-12-07T15:15:15.3610905+08:00:[AssemblyCache] Could not resolve 'System.Diagnostics.Process.resources' from .deps.json
2021-12-07T15:15:15.3610957+08:00:[AssemblyCache] Trying to resolve 'System.Diagnostics.Process.resources' in folder 'C:\Users\Public\Documents\BSuiteE2ERegressionTestSuite\bin\Debug\netcoreapp3.1'
2021-12-07T15:15:15.3610974+08:00:[AssemblyCache] Trying to resolve 'System.Diagnostics.Process.resources' to 'C:\Users\Public\Documents\BSuiteE2ERegressionTestSuite\bin\Debug\netcoreapp3.1\System.Diagnostics.Process.resources.dll'
2021-12-07T15:15:15.3611298+08:00:[AssemblyCache] Trying to resolve 'System.Diagnostics.Process.resources' to 'C:\Users\Public\Documents\BSuiteE2ERegressionTestSuite\bin\Debug\netcoreapp3.1\System.Diagnostics.Process.resources.exe'
2021-12-07T15:15:15.3611452+08:00:[AssemblyCache] Could not resolve 'System.Diagnostics.Process.resources' in folder 'C:\Users\Public\Documents\BSuiteE2ERegressionTestSuite\bin\Debug\netcoreapp3.1'
2021-12-07T15:15:15.3611517+08:00:TargetFramework: .NETCoreApp,Version=v3.1
2021-12-07T15:15:15.3612084+08:00:Tfm: netcoreapp3.1
2021-12-07T15:15:15.3612116+08:00:[AssemblyCache] Trying to resolve 'System.Diagnostics.Process.resources' in folder 'C:\Users\Public\Documents\BSuiteE2ERegressionTestSuite\bin\Debug\netcoreapp3.1\SpecFlowPlusRunner\netcoreapp3.1'
2021-12-07T15:15:15.3612125+08:00:[AssemblyCache] Trying to resolve 'System.Diagnostics.Process.resources' to 'C:\Users\Public\Documents\BSuiteE2ERegressionTestSuite\bin\Debug\netcoreapp3.1\SpecFlowPlusRunner\netcoreapp3.1\System.Diagnostics.Process.resources.dll'
2021-12-07T15:15:15.3612398+08:00:[AssemblyCache] Trying to resolve 'System.Diagnostics.Process.resources' to 'C:\Users\Public\Documents\BSuiteE2ERegressionTestSuite\bin\Debug\netcoreapp3.1\SpecFlowPlusRunner\netcoreapp3.1\System.Diagnostics.Process.resources.exe'
2021-12-07T15:15:15.3612664+08:00:[AssemblyCache] Could not resolve 'System.Diagnostics.Process.resources' in folder 'C:\Users\Public\Documents\BSuiteE2ERegressionTestSuite\bin\Debug\netcoreapp3.1\SpecFlowPlusRunner\netcoreapp3.1'
2021-12-07T15:15:15.3702510+08:00:[AssemblyCache] Trying to resolve 'System.Diagnostics.Process.resources' in folder 'C:\Program Files\dotnet\shared\Microsoft.AspNetCore.App\3.1.0'
2021-12-07T15:15:15.3702685+08:00:[AssemblyCache] Trying to resolve 'System.Diagnostics.Process.resources' to 'C:\Program Files\dotnet\shared\Microsoft.AspNetCore.App\3.1.0\System.Diagnostics.Process.resources.dll'
2021-12-07T15:15:15.3708143+08:00:[AssemblyCache] Trying to resolve 'System.Diagnostics.Process.resources' to 'C:\Program Files\dotnet\shared\Microsoft.AspNetCore.App\3.1.0\System.Diagnostics.Process.resources.exe'
2021-12-07T15:15:15.3711332+08:00:[AssemblyCache] Could not resolve 'System.Diagnostics.Process.resources' in folder 'C:\Program Files\dotnet\shared\Microsoft.AspNetCore.App\3.1.0'
2021-12-07T15:15:15.3716397+08:00:[AssemblyCache] Trying to resolve 'System.Diagnostics.Process.resources' in folder 'C:\Program Files\dotnet\shared\Microsoft.NETCore.App\3.1.0'
2021-12-07T15:15:15.3716558+08:00:[AssemblyCache] Trying to resolve 'System.Diagnostics.Process.resources' to 'C:\Program Files\dotnet\shared\Microsoft.NETCore.App\3.1.0\System.Diagnostics.Process.resources.dll'
2021-12-07T15:15:15.3718197+08:00:[AssemblyCache] Trying to resolve 'System.Diagnostics.Process.resources' to 'C:\Program Files\dotnet\shared\Microsoft.NETCore.App\3.1.0\System.Diagnostics.Process.resources.exe'
2021-12-07T15:15:15.3719109+08:00:[AssemblyCache] Could not resolve 'System.Diagnostics.Process.resources' in folder 'C:\Program Files\dotnet\shared\Microsoft.NETCore.App\3.1.0'
2021-12-07T15:15:15.3721726+08:00:[AssemblyCache] Trying to resolve 'System.Diagnostics.Process.resources' in folder 'C:\Program Files\dotnet\shared\Microsoft.WindowsDesktop.App\3.1.0'
2021-12-07T15:15:15.3721792+08:00:[AssemblyCache] Trying to resolve 'System.Diagnostics.Process.resources' to 'C:\Program Files\dotnet\shared\Microsoft.WindowsDesktop.App\3.1.0\System.Diagnostics.Process.resources.dll'
2021-12-07T15:15:15.3722574+08:00:[AssemblyCache] Trying to resolve 'System.Diagnostics.Process.resources' to 'C:\Program Files\dotnet\shared\Microsoft.WindowsDesktop.App\3.1.0\System.Diagnostics.Process.resources.exe'
2021-12-07T15:15:15.3723813+08:00:[AssemblyCache] Could not resolve 'System.Diagnostics.Process.resources' in folder 'C:\Program Files\dotnet\shared\Microsoft.WindowsDesktop.App\3.1.0'
2021-12-07T15:15:15.3745919+08:00:Assembly resolving System.Diagnostics.Process.resources, Version=4.2.2.0, Culture=en, PublicKeyToken=b03f5f7f11d50a3a
2021-12-07T15:15:15.3859178+08:00:Thread#-1:Scheduler: get next test for thread -1
2021-12-07T15:15:15.3859440+08:00:Thread#:Scheduler: at the end of normal test queue
2021-12-07T15:15:15.3859461+08:00:Thread#-1:Scheduler: enumerator for thread is at end
2021-12-07T15:15:15.3912594+08:00;Thread#11;Info;test run finished
2021-12-07T15:15:15.3922815+08:00;Thread#11;Info;publishing test results
2021-12-07T15:15:15.3926693+08:00;Thread#11;Info;Not publishing results.
2021-12-07T15:15:15.3929031+08:00;Thread#11;Info;test results published
2021-12-07T15:15:15.3930467+08:00;Thread#11;Info;generating reports
2021-12-07T15:15:15.4810252+08:00;Thread#11;Info;Starting external report generation process
2021-12-07T15:15:18.4863472+08:00;Thread#11;Info;Successfully generated reports.
2021-12-07T15:15:18.4884180+08:00;Thread#11;Info;Successfully generated reports
2021-12-07T15:15:18.4944153+08:00:Total: 1 (test executions: 3)
2021-12-07T15:15:18.4957948+08:00:Succeeded: 0
2021-12-07T15:15:18.4960392+08:00:Ignored: 0
2021-12-07T15:15:18.4962521+08:00:Pending: 0
2021-12-07T15:15:18.4962766+08:00:Skipped: 0
2021-12-07T15:15:18.4964565+08:00:Failed: 1
2021-12-07T15:15:18.5009431+08:00;VSTestExecutionThread;Info;Adding attachments to VSTest
2021-12-07T15:15:18.5010788+08:00;VSTestExecutionThread;Info;adding Test Execution Report 'C:\Users\Public\Documents\BSuiteE2ERegressionTestSuite\bin\Debug\netcoreapp3.1\TestResults\TestRunReport.html'
========== End of log file ==========
