2021-12-07T15:10:38.1284088+08:00;VSTestExecutionThread;Info;SpecFlow+Runner execution started
2021-12-07T15:10:38.1285719+08:00;VSTestExecutionThread;Info;SpecFlow+Runner 3.9.7 in Framework netcore31 in x64 mode execution started
2021-12-07T15:10:38.1285790+08:00;VSTestExecutionThread;Info;TestAdapter Location: C:\Users\Public\Documents\BSuiteE2ERegressionTestSuite\bin\Debug\netcoreapp3.1\TechTalk.SpecRun.VisualStudio.TestAdapter.dll
2021-12-07T15:10:38.1300618+08:00;VSTestExecutionThread;Info;Current UserName: 'ContainerAdministrator', MachineName: 'A0E0F3DBAD1B'
2021-12-07T15:10:38.2440625+08:00;VSTestExecutionThread;Info;SpecRun: running tests in C:\Users\Public\Documents\BSuiteE2ERegressionTestSuite\bin\Debug\netcoreapp3.1\BSuiteE2ERegressionTestSuite.dll
2021-12-07T15:10:38.2442903+08:00;VSTestExecutionThread;Info;Output folder configured to "TestResults" in profile
2021-12-07T15:10:38.2443423+08:00;VSTestExecutionThread;Info;Profile: RegressionTestSuite
2021-12-07T15:10:38.2708860+08:00;VSTestExecutionThread;Info;Log file path: C:\Users\Public\Documents\BSuiteE2ERegressionTestSuite\bin\Debug\netcoreapp3.1\TestResults\BSuite_RegressionTestSuite_2021-12-07T151038.log
2021-12-07T15:10:38.2745871+08:00;Thread#11;Info;Checking activation
2021-12-07T15:10:38.3412978+08:00;Thread#11;Info;Activated.
2021-12-07T15:10:38.3415242+08:00;Thread#11;Info;Activation check completed
2021-12-07T15:10:38.3415783+08:00;Thread#11;Info;Starting test run
2021-12-07T15:10:38.4060156+08:00;Thread#11;Info;Discovering target: Default
2021-12-07T15:10:38.4065017+08:00;Thread#11;Info;Discovering tests from assembly: C:\Users\Public\Documents\BSuiteE2ERegressionTestSuite\bin\Debug\netcoreapp3.1\BSuiteE2ERegressionTestSuite.dll
2021-12-07T15:10:38.4726589+08:00;Thread#11;Info;Discovered tests from assembly: C:\Users\Public\Documents\BSuiteE2ERegressionTestSuite\bin\Debug\netcoreapp3.1\BSuiteE2ERegressionTestSuite.dll
2021-12-07T15:10:38.4737057+08:00:Test Suite Dump
2021-12-07T15:10:38.4750768+08:00:#0: BSuite/RegressionTestSuite - 
2021-12-07T15:10:38.4750892+08:00:#1: Default - 
2021-12-07T15:10:38.4750909+08:00:#2: BSuiteE2ERegressionTestSuite - 
2021-12-07T15:10:38.4750922+08:00:#3: Login - 
2021-12-07T15:10:38.4769378+08:00:#4: Login to BSuite Desktop Portal - TestAssembly:BSuiteE2ERegressionTestSuite/Feature:Login/Scenario:Login+to+BSuite+Desktop+Portal
2021-12-07T15:10:38.4769716+08:00:End: Test Suite Dump
2021-12-07T15:10:38.4941450+08:00:Thread#0:Scheduler: get next test for thread 0
2021-12-07T15:10:38.4961412+08:00:Thread#:Scheduler: testitem #4 from normal test queue 
2021-12-07T15:10:38.4962330+08:00:Thread#0:Scheduler: considering testitem #4 for thread 0
2021-12-07T15:10:38.4999423+08:00:Thread#0:TestItem#4:testItemMatchesCurrentTestThread:UnSpecific
2021-12-07T15:10:38.4999838+08:00:Thread#0:TestItem#4:runsOnOneOtherThreadSpecific:False
2021-12-07T15:10:38.4999883+08:00:Thread#0:TestItem#4:runsOnOneOtherThreadUnspecific:False
2021-12-07T15:10:38.4999914+08:00:Thread#0:Scheduler: using testitem #4 for thread 0
2021-12-07T15:10:38.5005362+08:00:Thread#0:Scheduler: Test #4 is scheduled for thread
2021-12-07T15:10:38.5014103+08:00:Thread#0:Scheduler: with testItemExecutionIndex 0
2021-12-07T15:10:38.5031906+08:00:Thread #0: creating new test thread executor for BSuiteE2ERegressionTestSuite, Version=1.0.0.0, Culture=neutral, PublicKeyToken=null (target: Default)
2021-12-07T15:10:38.5052259+08:00:Thread #0: Creating test assembly executor for execution model OutProc
2021-12-07T15:10:38.5054035+08:00:Thread #0: Creating test assembly executor for execution model OutProc
2021-12-07T15:10:38.5069760+08:00:Thread #0: using TechTalk.SpecRun.Framework.Execution.OutOfProc.StreamJsonRPC.OutOfProcessTestAssemblyExecutorHost to execute tests
2021-12-07T15:10:38.5082410+08:00:starting Out Of Process Executor
2021-12-07T15:10:38.5095640+08:00:Assembly resolving Microsoft.VisualStudio.Validation, Version=15.3.0.0, Culture=neutral, PublicKeyToken=b03f5f7f11d50a3a
2021-12-07T15:10:38.5118267+08:00:[AssemblyCache] Trying to resolve 'Microsoft.VisualStudio.Validation' from .deps.json file
2021-12-07T15:10:38.5118577+08:00:[AssemblyCache] Could not resolve 'Microsoft.VisualStudio.Validation' from .deps.json
2021-12-07T15:10:38.5128324+08:00:[AssemblyCache] Trying to resolve 'Microsoft.VisualStudio.Validation' in folder 'C:\Users\Public\Documents\BSuiteE2ERegressionTestSuite\bin\Debug\netcoreapp3.1'
2021-12-07T15:10:38.5131120+08:00:[AssemblyCache] Trying to resolve 'Microsoft.VisualStudio.Validation' to 'C:\Users\Public\Documents\BSuiteE2ERegressionTestSuite\bin\Debug\netcoreapp3.1\Microsoft.VisualStudio.Validation.dll'
2021-12-07T15:10:38.5132081+08:00:[AssemblyCache] Trying to resolve 'Microsoft.VisualStudio.Validation' to 'C:\Users\Public\Documents\BSuiteE2ERegressionTestSuite\bin\Debug\netcoreapp3.1\Microsoft.VisualStudio.Validation.exe'
2021-12-07T15:10:38.5132384+08:00:[AssemblyCache] Could not resolve 'Microsoft.VisualStudio.Validation' in folder 'C:\Users\Public\Documents\BSuiteE2ERegressionTestSuite\bin\Debug\netcoreapp3.1'
2021-12-07T15:10:38.5133921+08:00:TargetFramework: .NETCoreApp,Version=v3.1
2021-12-07T15:10:38.5135945+08:00:Tfm: netcoreapp3.1
2021-12-07T15:10:38.5136247+08:00:[AssemblyCache] Trying to resolve 'Microsoft.VisualStudio.Validation' in folder 'C:\Users\Public\Documents\BSuiteE2ERegressionTestSuite\bin\Debug\netcoreapp3.1\SpecFlowPlusRunner\netcoreapp3.1'
2021-12-07T15:10:38.5136286+08:00:[AssemblyCache] Trying to resolve 'Microsoft.VisualStudio.Validation' to 'C:\Users\Public\Documents\BSuiteE2ERegressionTestSuite\bin\Debug\netcoreapp3.1\SpecFlowPlusRunner\netcoreapp3.1\Microsoft.VisualStudio.Validation.dll'
2021-12-07T15:10:38.5136678+08:00:[AssemblyCache] Found file 'C:\Users\Public\Documents\BSuiteE2ERegressionTestSuite\bin\Debug\netcoreapp3.1\SpecFlowPlusRunner\netcoreapp3.1\Microsoft.VisualStudio.Validation.dll' for assembly 'Microsoft.VisualStudio.Validation'
2021-12-07T15:10:38.5139215+08:00:[AssemblyCache] Resolved 'Microsoft.VisualStudio.Validation' to C:\Users\Public\Documents\BSuiteE2ERegressionTestSuite\bin\Debug\netcoreapp3.1\SpecFlowPlusRunner\netcoreapp3.1\Microsoft.VisualStudio.Validation.dll
2021-12-07T15:10:38.5144453+08:00:Starting callback TCP Rpc server
2021-12-07T15:10:38.5270455+08:00:Asynchronously starting background TCP Rpc Server on port 32768
2021-12-07T15:10:38.5271084+08:00:Started callback TCP Rpc server on port 32768
2021-12-07T15:10:38.5271119+08:00:Starting logger TCP Rpc server
2021-12-07T15:10:38.5280495+08:00:Asynchronously starting background TCP Rpc Server on port 32769
2021-12-07T15:10:38.5280864+08:00:Started logger TCP Rpc server on port 32769
2021-12-07T15:10:38.5911360+08:00:Executing test executor at 'dotnet' 'exec "C:\Users\Public\Documents\BSuiteE2ERegressionTestSuite\bin\Debug\netcoreapp3.1\SpecFlowPlusRunner\netcoreapp3.1\TechTalk.SpecRun.Framework.Executor.anycpu.netcoreapp3_1.dll" --remoteRunnerPid 940 --uniqueId "2021-12-07T151038" --outputFolder "C:\Users\Public\Documents\BSuiteE2ERegressionTestSuite\bin\Debug\netcoreapp3.1\TestResults" --callbackPort 32768 --loggerPort 32769' in 'C:\Users\Public\Documents\BSuiteE2ERegressionTestSuite\bin\Debug\netcoreapp3.1'
2021-12-07T15:10:38.5969210+08:00:Executor with PID 972 has been started successfully.
2021-12-07T15:10:38.5992595+08:00:Out of Process Executor 972 started
2021-12-07T15:10:38.5992743+08:00:Waiting for endpoint
2021-12-07T15:10:40.0800918+08:00:Assembly resolving Microsoft.VisualStudio.Threading, Version=15.3.0.0, Culture=neutral, PublicKeyToken=b03f5f7f11d50a3a
2021-12-07T15:10:40.0801329+08:00:[AssemblyCache] Trying to resolve 'Microsoft.VisualStudio.Threading' from .deps.json file
2021-12-07T15:10:40.0801374+08:00:[AssemblyCache] Could not resolve 'Microsoft.VisualStudio.Threading' from .deps.json
2021-12-07T15:10:40.0801410+08:00:[AssemblyCache] Trying to resolve 'Microsoft.VisualStudio.Threading' in folder 'C:\Users\Public\Documents\BSuiteE2ERegressionTestSuite\bin\Debug\netcoreapp3.1'
2021-12-07T15:10:40.0801425+08:00:[AssemblyCache] Trying to resolve 'Microsoft.VisualStudio.Threading' to 'C:\Users\Public\Documents\BSuiteE2ERegressionTestSuite\bin\Debug\netcoreapp3.1\Microsoft.VisualStudio.Threading.dll'
2021-12-07T15:10:40.0801957+08:00:[AssemblyCache] Trying to resolve 'Microsoft.VisualStudio.Threading' to 'C:\Users\Public\Documents\BSuiteE2ERegressionTestSuite\bin\Debug\netcoreapp3.1\Microsoft.VisualStudio.Threading.exe'
2021-12-07T15:10:40.0802167+08:00:[AssemblyCache] Could not resolve 'Microsoft.VisualStudio.Threading' in folder 'C:\Users\Public\Documents\BSuiteE2ERegressionTestSuite\bin\Debug\netcoreapp3.1'
2021-12-07T15:10:40.0802193+08:00:TargetFramework: .NETCoreApp,Version=v3.1
2021-12-07T15:10:40.0802309+08:00:Tfm: netcoreapp3.1
2021-12-07T15:10:40.0802335+08:00:[AssemblyCache] Trying to resolve 'Microsoft.VisualStudio.Threading' in folder 'C:\Users\Public\Documents\BSuiteE2ERegressionTestSuite\bin\Debug\netcoreapp3.1\SpecFlowPlusRunner\netcoreapp3.1'
2021-12-07T15:10:40.0802345+08:00:[AssemblyCache] Trying to resolve 'Microsoft.VisualStudio.Threading' to 'C:\Users\Public\Documents\BSuiteE2ERegressionTestSuite\bin\Debug\netcoreapp3.1\SpecFlowPlusRunner\netcoreapp3.1\Microsoft.VisualStudio.Threading.dll'
2021-12-07T15:10:40.0802577+08:00:[AssemblyCache] Found file 'C:\Users\Public\Documents\BSuiteE2ERegressionTestSuite\bin\Debug\netcoreapp3.1\SpecFlowPlusRunner\netcoreapp3.1\Microsoft.VisualStudio.Threading.dll' for assembly 'Microsoft.VisualStudio.Threading'
2021-12-07T15:10:40.0805740+08:00:[AssemblyCache] Resolved 'Microsoft.VisualStudio.Threading' to C:\Users\Public\Documents\BSuiteE2ERegressionTestSuite\bin\Debug\netcoreapp3.1\SpecFlowPlusRunner\netcoreapp3.1\Microsoft.VisualStudio.Threading.dll
2021-12-07T15:10:41.5724257+08:00:Remote executor port received: 32770
2021-12-07T15:10:41.5728399+08:00:Creating executor TCP client on port 32770
2021-12-07T15:10:41.5732177+08:00:Created executor TCP client on port 32770
2021-12-07T15:10:41.5732381+08:00:Connecting to remote executor TCP server
2021-12-07T15:10:41.5741506+08:00:Connected remote executor TCP server
2021-12-07T15:10:41.5742699+08:00:trying to connect to Out of Process Executor the 1 attempt
2021-12-07T15:10:41.5742730+08:00:Connection to Out of Process Executor established in the 1 attempt
2021-12-07T15:10:41.6877477+08:00:2021-12-07T15:10:41.6852010+08:00:OutOfProcessTestAssemblyExecutor: initialized for C:\Users\Public\Documents\BSuiteE2ERegressionTestSuite\bin\Debug\netcoreapp3.1\BSuiteE2ERegressionTestSuite.dll on test thread #0
2021-12-07T15:10:41.6913263+08:00:Endpoint 972 started
2021-12-07T15:10:41.7062786+08:00:2021-12-07T15:10:41.7058806+08:00:OutOfProcessTestAssemblyExecutor: running tests...
2021-12-07T15:10:41.8041128+08:00:2021-12-07T15:10:41.8036175+08:00:Assembly resolving TechTalk.SpecFlow, Version=3.9.0.0, Culture=neutral, PublicKeyToken=0778194805d6db41
2021-12-07T15:10:41.8068935+08:00:2021-12-07T15:10:41.8064770+08:00:[AssemblyCache] Trying to resolve 'TechTalk.SpecFlow' from .deps.json file
2021-12-07T15:10:41.8092432+08:00:2021-12-07T15:10:41.8088422+08:00:[AssemblyCache] Resolved 'TechTalk.SpecFlow' to 'C:\Users\ContainerAdministrator\.nuget\packages\specflow\3.9.8\lib\netstandard2.0\TechTalk.SpecFlow.dll'
2021-12-07T15:10:41.8976591+08:00:2021-12-07T15:10:41.8971185+08:00:Thread#0:T:-> Loading plugin C:\Users\Public\Documents\BSuiteE2ERegressionTestSuite\bin\Debug\netcoreapp3.1\BSuiteE2ERegressionTestSuite.dll
2021-12-07T15:10:41.8990341+08:00:2021-12-07T15:10:41.8985418+08:00:Assembly resolving Microsoft.Extensions.DependencyModel, Version=1.0.1.0, Culture=neutral, PublicKeyToken=adb9793829ddae60
2021-12-07T15:10:41.9004166+08:00:2021-12-07T15:10:41.8992683+08:00:[AssemblyCache] Trying to resolve 'Microsoft.Extensions.DependencyModel' from .deps.json file
2021-12-07T15:10:41.9022613+08:00:2021-12-07T15:10:41.9011611+08:00:[AssemblyCache] Resolved 'Microsoft.Extensions.DependencyModel' to 'C:\Users\ContainerAdministrator\.nuget\packages\microsoft.extensions.dependencymodel\1.0.3\lib\netstandard1.6\Microsoft.Extensions.DependencyModel.dll'
2021-12-07T15:10:41.9418903+08:00:2021-12-07T15:10:41.9408601+08:00:Assembly resolving Microsoft.DotNet.PlatformAbstractions, Version=1.0.1.0, Culture=neutral, PublicKeyToken=adb9793829ddae60
2021-12-07T15:10:41.9425452+08:00:2021-12-07T15:10:41.9423135+08:00:[AssemblyCache] Trying to resolve 'Microsoft.DotNet.PlatformAbstractions' from .deps.json file
2021-12-07T15:10:41.9430725+08:00:2021-12-07T15:10:41.9428070+08:00:[AssemblyCache] Resolved 'Microsoft.DotNet.PlatformAbstractions' to 'C:\Users\ContainerAdministrator\.nuget\packages\microsoft.dotnet.platformabstractions\1.0.3\lib\netstandard1.3\Microsoft.DotNet.PlatformAbstractions.dll'
2021-12-07T15:10:41.9492507+08:00:2021-12-07T15:10:41.9488462+08:00:Thread#0:T:-> Missing [assembly:RuntimePlugin] attribute in BSuiteE2ERegressionTestSuite, Version=1.0.0.0, Culture=neutral, PublicKeyToken=null. Please check https://go.specflow.org/doc-plugins for details.
2021-12-07T15:10:41.9497605+08:00:2021-12-07T15:10:41.9494742+08:00:Thread#0:T:-> Loading plugin C:\Users\Public\Documents\BSuiteE2ERegressionTestSuite\bin\Debug\netcoreapp3.1\LivingDoc.SpecFlowPlugin.dll
2021-12-07T15:10:41.9514930+08:00:2021-12-07T15:10:41.9511546+08:00:Assembly resolving LivingDoc.Dtos, Version=3.9.0.0, Culture=neutral, PublicKeyToken=null
2021-12-07T15:10:41.9518195+08:00:2021-12-07T15:10:41.9516401+08:00:[AssemblyCache] Trying to resolve 'LivingDoc.Dtos' from .deps.json file
2021-12-07T15:10:41.9523051+08:00:2021-12-07T15:10:41.9520577+08:00:[AssemblyCache] Resolved 'LivingDoc.Dtos' to 'C:\Users\ContainerAdministrator\.nuget\packages\specflow.plus.livingdocplugin\3.9.57\lib\netstandard2.0\LivingDoc.Dtos.dll'
2021-12-07T15:10:41.9548903+08:00:2021-12-07T15:10:41.9543972+08:00:Thread#0:T:-> Loading plugin C:\Users\Public\Documents\BSuiteE2ERegressionTestSuite\bin\Debug\netcoreapp3.1\SpecRun.Runtime.SpecFlowPlugin.dll
2021-12-07T15:10:41.9618288+08:00:2021-12-07T15:10:41.9613276+08:00:Thread#0:T:-> Using default config
2021-12-07T15:10:41.9710443+08:00:2021-12-07T15:10:41.9704049+08:00:Assembly resolving Cucumber.Messages, Version=6.0.1.0, Culture=neutral, PublicKeyToken=b10c5988214f940c
2021-12-07T15:10:41.9718664+08:00:2021-12-07T15:10:41.9714903+08:00:[AssemblyCache] Trying to resolve 'Cucumber.Messages' from .deps.json file
2021-12-07T15:10:41.9726719+08:00:2021-12-07T15:10:41.9722782+08:00:[AssemblyCache] Resolved 'Cucumber.Messages' to 'C:\Users\ContainerAdministrator\.nuget\packages\cucumber.messages\6.0.1\lib\netstandard2.0\Cucumber.Messages.dll'
2021-12-07T15:10:41.9740766+08:00:2021-12-07T15:10:41.9735601+08:00:Assembly resolving Google.Protobuf, Version=3.7.0.0, Culture=neutral, PublicKeyToken=a7d26565bac4d604
2021-12-07T15:10:41.9748661+08:00:2021-12-07T15:10:41.9744714+08:00:[AssemblyCache] Trying to resolve 'Google.Protobuf' from .deps.json file
2021-12-07T15:10:41.9757399+08:00:2021-12-07T15:10:41.9753187+08:00:[AssemblyCache] Resolved 'Google.Protobuf' to 'C:\Users\ContainerAdministrator\.nuget\packages\google.protobuf\3.7.0\lib\netstandard1.0\Google.Protobuf.dll'
2021-12-07T15:10:41.9818303+08:00:2021-12-07T15:10:41.9812189+08:00:Assembly resolving Microsoft.VisualStudio.TestPlatform.ObjectModel, Version=15.0.0.0, Culture=neutral, PublicKeyToken=b03f5f7f11d50a3a
2021-12-07T15:10:41.9826445+08:00:2021-12-07T15:10:41.9821938+08:00:[AssemblyCache] Trying to resolve 'Microsoft.VisualStudio.TestPlatform.ObjectModel' from .deps.json file
2021-12-07T15:10:41.9834024+08:00:2021-12-07T15:10:41.9830667+08:00:[AssemblyCache] Resolved 'Microsoft.VisualStudio.TestPlatform.ObjectModel' to 'C:\Users\ContainerAdministrator\.nuget\packages\microsoft.testplatform.objectmodel\16.11.0\lib\netcoreapp2.1\Microsoft.VisualStudio.TestPlatform.ObjectModel.dll'
2021-12-07T15:10:42.0394434+08:00:2021-12-07T15:10:42.0388806+08:00:Assembly resolving SpecFlow.Internal.Json, Version=1.0.0.0, Culture=neutral, PublicKeyToken=0778194805d6db41
2021-12-07T15:10:42.0400672+08:00:2021-12-07T15:10:42.0397213+08:00:[AssemblyCache] Trying to resolve 'SpecFlow.Internal.Json' from .deps.json file
2021-12-07T15:10:42.0409962+08:00:2021-12-07T15:10:42.0405122+08:00:[AssemblyCache] Resolved 'SpecFlow.Internal.Json' to 'C:\Users\ContainerAdministrator\.nuget\packages\specflow.internal.json\1.0.8\lib\netstandard2.0\SpecFlow.Internal.Json.dll'
2021-12-07T15:10:42.1719654+08:00:Thread#0: Test #4/0 is started on thread #0
2021-12-07T15:10:42.1851945+08:00:2021-12-07T15:10:42.1839172+08:00:Assembly resolving SeleniumExtras.PageObjects.Linq, Version=1.0.0.0, Culture=neutral, PublicKeyToken=null
2021-12-07T15:10:42.1861658+08:00:2021-12-07T15:10:42.1856996+08:00:[AssemblyCache] Trying to resolve 'SeleniumExtras.PageObjects.Linq' from .deps.json file
2021-12-07T15:10:42.1873251+08:00:2021-12-07T15:10:42.1867545+08:00:[AssemblyCache] Resolved 'SeleniumExtras.PageObjects.Linq' to 'C:\Users\ContainerAdministrator\.nuget\packages\dotnetseleniumextras.pageobjects.core.linq\1.0.0\lib\netstandard2.0\SeleniumExtras.PageObjects.Linq.dll'
2021-12-07T15:10:42.1999507+08:00:2021-12-07T15:10:42.1992760+08:00:Assembly resolving WebDriver, Version=3.141.0.0, Culture=neutral, PublicKeyToken=null
2021-12-07T15:10:42.2010281+08:00:2021-12-07T15:10:42.2005267+08:00:[AssemblyCache] Trying to resolve 'WebDriver' from .deps.json file
2021-12-07T15:10:42.2019628+08:00:2021-12-07T15:10:42.2015308+08:00:[AssemblyCache] Resolved 'WebDriver' to 'C:\Users\ContainerAdministrator\.nuget\packages\selenium.webdriver\3.141.0\lib\netstandard2.0\WebDriver.dll'
2021-12-07T15:10:43.8399549+08:00:2021-12-07T15:10:43.8136668+08:00:Thread#0:T:Chrome executable version: 96.0.4664.45
2021-12-07T15:10:43.8436228+08:00:2021-12-07T15:10:43.8425544+08:00:Thread#0:T:Chromedriver Path: C:\Users\Public\Documents\BSuiteE2ERegressionTestSuite\bin\Debug\netcoreapp3.1\TestResults\Drivers\chromedriver\V96
2021-12-07T15:10:43.9465815+08:00:2021-12-07T15:10:43.9460304+08:00:Thread#0:B:Given I have logged into 'BSuite Desktop' portal as a User with following User Profile
2021-12-07T15:10:43.9473201+08:00:2021-12-07T15:10:43.9469363+08:00:Thread#0:B:  --- table step argument ---
2021-12-07T15:10:43.9482738+08:00:2021-12-07T15:10:43.9476247+08:00:Thread#0:B:  | Role         | Username         | Password |
2021-12-07T15:10:43.9493188+08:00:2021-12-07T15:10:43.9488195+08:00:Thread#0:B:  | System Admin | TestSystemAdmin3 | bsuite   |
2021-12-07T15:10:43.9741244+08:00:2021-12-07T15:10:43.9730066+08:00:Assembly resolving nunit.framework, Version=3.13.2.0, Culture=neutral, PublicKeyToken=2638cd05610744eb
2021-12-07T15:10:43.9757080+08:00:2021-12-07T15:10:43.9752734+08:00:[AssemblyCache] Trying to resolve 'nunit.framework' from .deps.json file
2021-12-07T15:10:43.9765658+08:00:2021-12-07T15:10:43.9761709+08:00:[AssemblyCache] Resolved 'nunit.framework' to 'C:\Users\ContainerAdministrator\.nuget\packages\nunit\3.13.2\lib\netstandard2.0\nunit.framework.dll'
2021-12-07T15:10:43.9884548+08:00:2021-12-07T15:10:43.9879485+08:00:Assembly resolving System.Net.Requests.resources, Version=4.1.2.0, Culture=en-US, PublicKeyToken=b03f5f7f11d50a3a
2021-12-07T15:10:43.9889884+08:00:2021-12-07T15:10:43.9886843+08:00:[AssemblyCache] Trying to resolve 'System.Net.Requests.resources' from .deps.json file
2021-12-07T15:10:43.9893678+08:00:2021-12-07T15:10:43.9891869+08:00:[AssemblyCache] Could not resolve 'System.Net.Requests.resources' from .deps.json
2021-12-07T15:10:43.9917132+08:00:2021-12-07T15:10:43.9910455+08:00:[AssemblyCache] Trying to resolve 'System.Net.Requests.resources' in folder 'C:\Users\Public\Documents\BSuiteE2ERegressionTestSuite\bin\Debug\netcoreapp3.1'
2021-12-07T15:10:43.9975371+08:00:2021-12-07T15:10:43.9970222+08:00:[AssemblyCache] Trying to resolve 'System.Net.Requests.resources' to 'C:\Users\Public\Documents\BSuiteE2ERegressionTestSuite\bin\Debug\netcoreapp3.1\System.Net.Requests.resources.dll'
2021-12-07T15:10:43.9982983+08:00:2021-12-07T15:10:43.9979388+08:00:[AssemblyCache] Trying to resolve 'System.Net.Requests.resources' to 'C:\Users\Public\Documents\BSuiteE2ERegressionTestSuite\bin\Debug\netcoreapp3.1\System.Net.Requests.resources.exe'
2021-12-07T15:10:43.9988806+08:00:2021-12-07T15:10:43.9985840+08:00:[AssemblyCache] Could not resolve 'System.Net.Requests.resources' in folder 'C:\Users\Public\Documents\BSuiteE2ERegressionTestSuite\bin\Debug\netcoreapp3.1'
2021-12-07T15:10:43.9999422+08:00:2021-12-07T15:10:43.9995178+08:00:TargetFramework: .NETCoreApp,Version=v3.1
2021-12-07T15:10:44.0016809+08:00:2021-12-07T15:10:44.0011120+08:00:Tfm: netcoreapp3.1
2021-12-07T15:10:44.0023354+08:00:2021-12-07T15:10:44.0019821+08:00:[AssemblyCache] Trying to resolve 'System.Net.Requests.resources' in folder 'C:\Users\Public\Documents\BSuiteE2ERegressionTestSuite\bin\Debug\netcoreapp3.1\SpecFlowPlusRunner\netcoreapp3.1'
2021-12-07T15:10:44.0028257+08:00:2021-12-07T15:10:44.0025681+08:00:[AssemblyCache] Trying to resolve 'System.Net.Requests.resources' to 'C:\Users\Public\Documents\BSuiteE2ERegressionTestSuite\bin\Debug\netcoreapp3.1\SpecFlowPlusRunner\netcoreapp3.1\System.Net.Requests.resources.dll'
2021-12-07T15:10:44.0035492+08:00:2021-12-07T15:10:44.0031322+08:00:[AssemblyCache] Trying to resolve 'System.Net.Requests.resources' to 'C:\Users\Public\Documents\BSuiteE2ERegressionTestSuite\bin\Debug\netcoreapp3.1\SpecFlowPlusRunner\netcoreapp3.1\System.Net.Requests.resources.exe'
2021-12-07T15:10:44.0041951+08:00:2021-12-07T15:10:44.0038652+08:00:[AssemblyCache] Could not resolve 'System.Net.Requests.resources' in folder 'C:\Users\Public\Documents\BSuiteE2ERegressionTestSuite\bin\Debug\netcoreapp3.1\SpecFlowPlusRunner\netcoreapp3.1'
2021-12-07T15:10:44.0159762+08:00:2021-12-07T15:10:44.0153840+08:00:[AssemblyCache] Trying to resolve 'System.Net.Requests.resources' in folder 'C:\Program Files\dotnet\shared\Microsoft.AspNetCore.App\3.1.0'
2021-12-07T15:10:44.0166863+08:00:2021-12-07T15:10:44.0163668+08:00:[AssemblyCache] Trying to resolve 'System.Net.Requests.resources' to 'C:\Program Files\dotnet\shared\Microsoft.AspNetCore.App\3.1.0\System.Net.Requests.resources.dll'
2021-12-07T15:10:44.0177636+08:00:2021-12-07T15:10:44.0173041+08:00:[AssemblyCache] Trying to resolve 'System.Net.Requests.resources' to 'C:\Program Files\dotnet\shared\Microsoft.AspNetCore.App\3.1.0\System.Net.Requests.resources.exe'
2021-12-07T15:10:44.0192415+08:00:2021-12-07T15:10:44.0185933+08:00:[AssemblyCache] Could not resolve 'System.Net.Requests.resources' in folder 'C:\Program Files\dotnet\shared\Microsoft.AspNetCore.App\3.1.0'
2021-12-07T15:10:44.0258670+08:00:2021-12-07T15:10:44.0253649+08:00:[AssemblyCache] Trying to resolve 'System.Net.Requests.resources' in folder 'C:\Program Files\dotnet\shared\Microsoft.NETCore.App\3.1.0'
2021-12-07T15:10:44.0265098+08:00:2021-12-07T15:10:44.0261554+08:00:[AssemblyCache] Trying to resolve 'System.Net.Requests.resources' to 'C:\Program Files\dotnet\shared\Microsoft.NETCore.App\3.1.0\System.Net.Requests.resources.dll'
2021-12-07T15:10:44.0272362+08:00:2021-12-07T15:10:44.0268522+08:00:[AssemblyCache] Trying to resolve 'System.Net.Requests.resources' to 'C:\Program Files\dotnet\shared\Microsoft.NETCore.App\3.1.0\System.Net.Requests.resources.exe'
2021-12-07T15:10:44.0279229+08:00:2021-12-07T15:10:44.0275965+08:00:[AssemblyCache] Could not resolve 'System.Net.Requests.resources' in folder 'C:\Program Files\dotnet\shared\Microsoft.NETCore.App\3.1.0'
2021-12-07T15:10:44.0297219+08:00:2021-12-07T15:10:44.0286034+08:00:[AssemblyCache] Trying to resolve 'System.Net.Requests.resources' in folder 'C:\Program Files\dotnet\shared\Microsoft.WindowsDesktop.App\3.1.0'
2021-12-07T15:10:44.0306960+08:00:2021-12-07T15:10:44.0302879+08:00:[AssemblyCache] Trying to resolve 'System.Net.Requests.resources' to 'C:\Program Files\dotnet\shared\Microsoft.WindowsDesktop.App\3.1.0\System.Net.Requests.resources.dll'
2021-12-07T15:10:44.0324442+08:00:2021-12-07T15:10:44.0319446+08:00:[AssemblyCache] Trying to resolve 'System.Net.Requests.resources' to 'C:\Program Files\dotnet\shared\Microsoft.WindowsDesktop.App\3.1.0\System.Net.Requests.resources.exe'
2021-12-07T15:10:44.0334898+08:00:2021-12-07T15:10:44.0329170+08:00:[AssemblyCache] Could not resolve 'System.Net.Requests.resources' in folder 'C:\Program Files\dotnet\shared\Microsoft.WindowsDesktop.App\3.1.0'
2021-12-07T15:10:44.0392535+08:00:2021-12-07T15:10:44.0386896+08:00:Assembly resolving System.Net.Requests.resources, Version=4.1.2.0, Culture=en, PublicKeyToken=b03f5f7f11d50a3a
2021-12-07T15:10:44.1107555+08:00:2021-12-07T15:10:44.1101719+08:00:Thread#0:T:error: invalid argument
2021-12-07T15:10:44.1114020+08:00:2021-12-07T15:10:44.1111001+08:00:Thread#0:T:  (Session info: chrome=96.0.4664.45) (0.1s)
2021-12-07T15:10:44.2984776+08:00:2021-12-07T15:10:44.2951586+08:00:Thread#0:T:SCREENSHOT[ file:///C:\Users\Public\Documents\BSuiteE2ERegressionTestSuite\bin\Debug\netcoreapp3.1\TestResults\tmpDAFE.png ]SCREENSHOT
2021-12-07T15:10:44.3189646+08:00:2021-12-07T15:10:44.3100551+08:00:Thread#0:B:Then login is successful
2021-12-07T15:10:44.3343635+08:00:2021-12-07T15:10:44.3215171+08:00:Thread#0:T:skipped because of previous errors
2021-12-07T15:10:44.3790381+08:00:Thread#0:TestItem#4:Scheduler: reschedule tests for testitem #4
2021-12-07T15:10:44.3835761+08:00:Thread#0:Scheduler: get next test for thread 0
2021-12-07T15:10:44.3837158+08:00:Thread#:Scheduler: dequeuing a rescheduled testitem: #4
2021-12-07T15:10:44.3837381+08:00:Thread#0:Scheduler: considering testitem #4 for thread 0
2021-12-07T15:10:44.3839175+08:00:Thread#0:TestItem#4:testItemMatchesCurrentTestThread:UnSpecific
2021-12-07T15:10:44.3839718+08:00:Thread#0:TestItem#4:runsOnOneOtherThreadSpecific:False
2021-12-07T15:10:44.3839791+08:00:Thread#0:TestItem#4:runsOnOneOtherThreadUnspecific:False
2021-12-07T15:10:44.3839830+08:00:Thread#0:Scheduler: using testitem #4 for thread 0
2021-12-07T15:10:44.3841424+08:00:Thread#0:Scheduler: Test #4 is scheduled for thread
2021-12-07T15:10:44.3842394+08:00:Thread#0:Scheduler: with testItemExecutionIndex 1
2021-12-07T15:10:44.3942631+08:00:2021-12-07T15:10:44.3935734+08:00:Thread#0:T:Test Run End Date and Time:12/7/2021 3:10:44 PM
2021-12-07T15:10:44.3954689+08:00:2021-12-07T15:10:44.3948337+08:00:Thread#0:T:Test Run Duration: 0 hours 0 minutes 0 seconds 0 milliseconds
2021-12-07T15:10:44.3965499+08:00:2021-12-07T15:10:44.3960515+08:00:Thread#0:T:Test Environment: TTN</p>
2021-12-07T15:10:44.4085022+08:00:2021-12-07T15:10:44.4077706+08:00:Thread#0:T:Test Run Initiated By: User Manager\ContainerAdministrator from computer with hostname: a0e0f3dbad1b</p>
2021-12-07T15:10:44.4095413+08:00:2021-12-07T15:10:44.4090463+08:00:Thread#0:T:BSuite Application Software Version Tested: 
2021-12-07T15:10:44.4104832+08:00:2021-12-07T15:10:44.4100111+08:00:Thread#0:T:Browser Name: chrome
2021-12-07T15:10:44.4113926+08:00:2021-12-07T15:10:44.4109285+08:00:Thread#0:T:Browser Version: 96.0.4664.45
2021-12-07T15:10:44.4122357+08:00:2021-12-07T15:10:44.4117881+08:00:Thread#0:T:Platform Name: windows
2021-12-07T15:10:44.4599043+08:00:2021-12-07T15:10:44.4593165+08:00:Thread#0:T:Exception: no such element: Unable to locate element: {"method":"css selector","selector":"#ctl0_ctl3_logout"}
2021-12-07T15:10:44.4609150+08:00:2021-12-07T15:10:44.4604153+08:00:Thread#0:T:  (Session info: chrome=96.0.4664.45)
2021-12-07T15:10:44.6238492+08:00:Thread#0: Test #4/0 is finished on thread #0 as Failed within 2.4506015 seconds
2021-12-07T15:10:44.6274338+08:00:Thread#0: Test #4/1 is started on thread #0
2021-12-07T15:10:46.0172851+08:00:2021-12-07T15:10:46.0089520+08:00:Thread#0:T:Chrome executable version: 96.0.4664.45
2021-12-07T15:10:46.0202438+08:00:2021-12-07T15:10:46.0183350+08:00:Thread#0:T:Chromedriver Path: C:\Users\Public\Documents\BSuiteE2ERegressionTestSuite\bin\Debug\netcoreapp3.1\TestResults\Drivers\chromedriver\V96
2021-12-07T15:10:46.0684099+08:00:2021-12-07T15:10:46.0679893+08:00:Thread#0:B:Given I have logged into 'BSuite Desktop' portal as a User with following User Profile
2021-12-07T15:10:46.0692039+08:00:2021-12-07T15:10:46.0688402+08:00:Thread#0:B:  --- table step argument ---
2021-12-07T15:10:46.0699149+08:00:2021-12-07T15:10:46.0695137+08:00:Thread#0:B:  | Role         | Username         | Password |
2021-12-07T15:10:46.0704373+08:00:2021-12-07T15:10:46.0701302+08:00:Thread#0:B:  | System Admin | TestSystemAdmin3 | bsuite   |
2021-12-07T15:10:46.0794855+08:00:2021-12-07T15:10:46.0789444+08:00:Thread#0:T:error: invalid argument
2021-12-07T15:10:46.0806731+08:00:2021-12-07T15:10:46.0799664+08:00:Thread#0:T:  (Session info: chrome=96.0.4664.45) (0.0s)
2021-12-07T15:10:46.1799533+08:00:2021-12-07T15:10:46.1794590+08:00:Thread#0:T:SCREENSHOT[ file:///C:\Users\Public\Documents\BSuiteE2ERegressionTestSuite\bin\Debug\netcoreapp3.1\TestResults\tmpE261.png ]SCREENSHOT
2021-12-07T15:10:46.1807147+08:00:2021-12-07T15:10:46.1804052+08:00:Thread#0:B:Then login is successful
2021-12-07T15:10:46.1815051+08:00:2021-12-07T15:10:46.1811949+08:00:Thread#0:T:skipped because of previous errors
2021-12-07T15:10:46.1843565+08:00:Thread#0:Scheduler: get next test for thread 0
2021-12-07T15:10:46.1844183+08:00:Thread#:Scheduler: dequeuing a rescheduled testitem: #4
2021-12-07T15:10:46.1844243+08:00:Thread#0:Scheduler: considering testitem #4 for thread 0
2021-12-07T15:10:46.1845235+08:00:Thread#0:TestItem#4:testItemMatchesCurrentTestThread:UnSpecific
2021-12-07T15:10:46.1845496+08:00:Thread#0:TestItem#4:runsOnOneOtherThreadSpecific:False
2021-12-07T15:10:46.1845530+08:00:Thread#0:TestItem#4:runsOnOneOtherThreadUnspecific:False
2021-12-07T15:10:46.1845554+08:00:Thread#0:Scheduler: using testitem #4 for thread 0
2021-12-07T15:10:46.1845970+08:00:Thread#0:Scheduler: Test #4 is scheduled for thread
2021-12-07T15:10:46.1846341+08:00:Thread#0:Scheduler: with testItemExecutionIndex 2
2021-12-07T15:10:46.1858851+08:00:2021-12-07T15:10:46.1855187+08:00:Thread#0:T:Test Run End Date and Time:12/7/2021 3:10:46 PM
2021-12-07T15:10:46.1868783+08:00:2021-12-07T15:10:46.1864553+08:00:Thread#0:T:Test Run Duration: 0 hours 0 minutes 1 seconds 792 milliseconds
2021-12-07T15:10:46.1875477+08:00:2021-12-07T15:10:46.1872265+08:00:Thread#0:T:Test Environment: TTN</p>
2021-12-07T15:10:46.1897355+08:00:2021-12-07T15:10:46.1890513+08:00:Thread#0:T:Test Run Initiated By: User Manager\ContainerAdministrator from computer with hostname: a0e0f3dbad1b</p>
2021-12-07T15:10:46.1909868+08:00:2021-12-07T15:10:46.1903423+08:00:Thread#0:T:BSuite Application Software Version Tested: 
2021-12-07T15:10:46.1918604+08:00:2021-12-07T15:10:46.1914262+08:00:Thread#0:T:Browser Name: chrome
2021-12-07T15:10:46.1926751+08:00:2021-12-07T15:10:46.1922424+08:00:Thread#0:T:Browser Version: 96.0.4664.45
2021-12-07T15:10:46.1935075+08:00:2021-12-07T15:10:46.1930959+08:00:Thread#0:T:Platform Name: windows
2021-12-07T15:10:46.2219763+08:00:2021-12-07T15:10:46.2210460+08:00:Thread#0:T:Exception: no such element: Unable to locate element: {"method":"css selector","selector":"#ctl0_ctl3_logout"}
2021-12-07T15:10:46.2228105+08:00:2021-12-07T15:10:46.2224347+08:00:Thread#0:T:  (Session info: chrome=96.0.4664.45)
2021-12-07T15:10:48.3190888+08:00:Thread#0: Test #4/1 is finished on thread #0 as Failed within 3.6914089 seconds
2021-12-07T15:10:48.3212589+08:00:Thread#0: Test #4/2 is started on thread #0
2021-12-07T15:10:49.7256758+08:00:2021-12-07T15:10:49.7054626+08:00:Thread#0:T:Chrome executable version: 96.0.4664.45
2021-12-07T15:10:49.7560559+08:00:2021-12-07T15:10:49.7390949+08:00:Thread#0:T:Chromedriver Path: C:\Users\Public\Documents\BSuiteE2ERegressionTestSuite\bin\Debug\netcoreapp3.1\TestResults\Drivers\chromedriver\V96
2021-12-07T15:10:49.8103460+08:00:2021-12-07T15:10:49.8090827+08:00:Thread#0:B:Given I have logged into 'BSuite Desktop' portal as a User with following User Profile
2021-12-07T15:10:49.8309929+08:00:2021-12-07T15:10:49.8165253+08:00:Thread#0:B:  --- table step argument ---
2021-12-07T15:10:49.8347129+08:00:2021-12-07T15:10:49.8332822+08:00:Thread#0:B:  | Role         | Username         | Password |
2021-12-07T15:10:49.8359699+08:00:2021-12-07T15:10:49.8354562+08:00:Thread#0:B:  | System Admin | TestSystemAdmin3 | bsuite   |
2021-12-07T15:10:49.8472653+08:00:2021-12-07T15:10:49.8464948+08:00:Thread#0:T:error: invalid argument
2021-12-07T15:10:49.8526168+08:00:2021-12-07T15:10:49.8475138+08:00:Thread#0:T:  (Session info: chrome=96.0.4664.45) (0.0s)
2021-12-07T15:10:49.9712103+08:00:2021-12-07T15:10:49.9704207+08:00:Thread#0:T:SCREENSHOT[ file:///C:\Users\Public\Documents\BSuiteE2ERegressionTestSuite\bin\Debug\netcoreapp3.1\TestResults\tmpF127.png ]SCREENSHOT
2021-12-07T15:10:49.9719884+08:00:2021-12-07T15:10:49.9717217+08:00:Thread#0:B:Then login is successful
2021-12-07T15:10:49.9753929+08:00:2021-12-07T15:10:49.9749276+08:00:Thread#0:T:skipped because of previous errors
2021-12-07T15:10:49.9783179+08:00:Thread#0:Scheduler: get next test for thread 0
2021-12-07T15:10:49.9783863+08:00:Thread#:Scheduler: at the end of normal test queue
2021-12-07T15:10:49.9783968+08:00:Thread#0:Scheduler: enumerator for thread is at end
2021-12-07T15:10:49.9784012+08:00:Thread#0:Scheduler: No more tests for thread
2021-12-07T15:10:49.9799093+08:00:2021-12-07T15:10:49.9795126+08:00:Thread#0:T:Test Run End Date and Time:12/7/2021 3:10:49 PM
2021-12-07T15:10:49.9804195+08:00:2021-12-07T15:10:49.9801593+08:00:Thread#0:T:Test Run Duration: 0 hours 0 minutes 5 seconds 586 milliseconds
2021-12-07T15:10:49.9807944+08:00:2021-12-07T15:10:49.9806201+08:00:Thread#0:T:Test Environment: TTN</p>
2021-12-07T15:10:49.9821409+08:00:2021-12-07T15:10:49.9817844+08:00:Thread#0:T:Test Run Initiated By: User Manager\ContainerAdministrator from computer with hostname: a0e0f3dbad1b</p>
2021-12-07T15:10:49.9825735+08:00:2021-12-07T15:10:49.9823472+08:00:Thread#0:T:BSuite Application Software Version Tested: 
2021-12-07T15:10:49.9830200+08:00:2021-12-07T15:10:49.9828572+08:00:Thread#0:T:Browser Name: chrome
2021-12-07T15:10:49.9832844+08:00:2021-12-07T15:10:49.9831510+08:00:Thread#0:T:Browser Version: 96.0.4664.45
2021-12-07T15:10:49.9835811+08:00:2021-12-07T15:10:49.9834179+08:00:Thread#0:T:Platform Name: windows
2021-12-07T15:10:50.0091676+08:00:2021-12-07T15:10:50.0087072+08:00:Thread#0:T:Exception: no such element: Unable to locate element: {"method":"css selector","selector":"#ctl0_ctl3_logout"}
2021-12-07T15:10:50.0097889+08:00:2021-12-07T15:10:50.0094842+08:00:Thread#0:T:  (Session info: chrome=96.0.4664.45)
2021-12-07T15:10:50.1055080+08:00:Thread#0: Test #4/2 is finished on thread #0 as Failed within 1.7840997 seconds
2021-12-07T15:10:50.1149189+08:00:2021-12-07T15:10:50.1145232+08:00:Got Deinitialize Signal
2021-12-07T15:10:50.1191258+08:00:RPC Client disconnected, because 'Disposed'. 
LastMessage: 
Description:Stream has been disposed
Exception:<none>
2021-12-07T15:10:50.1196990+08:00:RPC Server disconnected, because 'Disposed'. 
LastMessage: 
Description:Reached end of stream.
Exception:<none>
2021-12-07T15:10:50.1230330+08:00:RPC Server disconnected, because 'Disposed'. 
LastMessage: 
Description:Stream has been disposed
Exception:<none>
2021-12-07T15:10:50.1249070+08:00:Assembly resolving System.Diagnostics.Process.resources, Version=4.2.2.0, Culture=en-US, PublicKeyToken=b03f5f7f11d50a3a
2021-12-07T15:10:50.1249527+08:00:[AssemblyCache] Trying to resolve 'System.Diagnostics.Process.resources' from .deps.json file
2021-12-07T15:10:50.1249645+08:00:[AssemblyCache] Could not resolve 'System.Diagnostics.Process.resources' from .deps.json
2021-12-07T15:10:50.1249735+08:00:[AssemblyCache] Trying to resolve 'System.Diagnostics.Process.resources' in folder 'C:\Users\Public\Documents\BSuiteE2ERegressionTestSuite\bin\Debug\netcoreapp3.1'
2021-12-07T15:10:50.1249757+08:00:[AssemblyCache] Trying to resolve 'System.Diagnostics.Process.resources' to 'C:\Users\Public\Documents\BSuiteE2ERegressionTestSuite\bin\Debug\netcoreapp3.1\System.Diagnostics.Process.resources.dll'
2021-12-07T15:10:50.1250150+08:00:[AssemblyCache] Trying to resolve 'System.Diagnostics.Process.resources' to 'C:\Users\Public\Documents\BSuiteE2ERegressionTestSuite\bin\Debug\netcoreapp3.1\System.Diagnostics.Process.resources.exe'
2021-12-07T15:10:50.1250379+08:00:[AssemblyCache] Could not resolve 'System.Diagnostics.Process.resources' in folder 'C:\Users\Public\Documents\BSuiteE2ERegressionTestSuite\bin\Debug\netcoreapp3.1'
2021-12-07T15:10:50.1250462+08:00:TargetFramework: .NETCoreApp,Version=v3.1
2021-12-07T15:10:50.1251193+08:00:Tfm: netcoreapp3.1
2021-12-07T15:10:50.1251238+08:00:[AssemblyCache] Trying to resolve 'System.Diagnostics.Process.resources' in folder 'C:\Users\Public\Documents\BSuiteE2ERegressionTestSuite\bin\Debug\netcoreapp3.1\SpecFlowPlusRunner\netcoreapp3.1'
2021-12-07T15:10:50.1251249+08:00:[AssemblyCache] Trying to resolve 'System.Diagnostics.Process.resources' to 'C:\Users\Public\Documents\BSuiteE2ERegressionTestSuite\bin\Debug\netcoreapp3.1\SpecFlowPlusRunner\netcoreapp3.1\System.Diagnostics.Process.resources.dll'
2021-12-07T15:10:50.1251852+08:00:[AssemblyCache] Trying to resolve 'System.Diagnostics.Process.resources' to 'C:\Users\Public\Documents\BSuiteE2ERegressionTestSuite\bin\Debug\netcoreapp3.1\SpecFlowPlusRunner\netcoreapp3.1\System.Diagnostics.Process.resources.exe'
2021-12-07T15:10:50.1252551+08:00:[AssemblyCache] Could not resolve 'System.Diagnostics.Process.resources' in folder 'C:\Users\Public\Documents\BSuiteE2ERegressionTestSuite\bin\Debug\netcoreapp3.1\SpecFlowPlusRunner\netcoreapp3.1'
2021-12-07T15:10:50.1348417+08:00:[AssemblyCache] Trying to resolve 'System.Diagnostics.Process.resources' in folder 'C:\Program Files\dotnet\shared\Microsoft.AspNetCore.App\3.1.0'
2021-12-07T15:10:50.1348596+08:00:[AssemblyCache] Trying to resolve 'System.Diagnostics.Process.resources' to 'C:\Program Files\dotnet\shared\Microsoft.AspNetCore.App\3.1.0\System.Diagnostics.Process.resources.dll'
2021-12-07T15:10:50.1352479+08:00:[AssemblyCache] Trying to resolve 'System.Diagnostics.Process.resources' to 'C:\Program Files\dotnet\shared\Microsoft.AspNetCore.App\3.1.0\System.Diagnostics.Process.resources.exe'
2021-12-07T15:10:50.1354751+08:00:[AssemblyCache] Could not resolve 'System.Diagnostics.Process.resources' in folder 'C:\Program Files\dotnet\shared\Microsoft.AspNetCore.App\3.1.0'
2021-12-07T15:10:50.1359322+08:00:[AssemblyCache] Trying to resolve 'System.Diagnostics.Process.resources' in folder 'C:\Program Files\dotnet\shared\Microsoft.NETCore.App\3.1.0'
2021-12-07T15:10:50.1359448+08:00:[AssemblyCache] Trying to resolve 'System.Diagnostics.Process.resources' to 'C:\Program Files\dotnet\shared\Microsoft.NETCore.App\3.1.0\System.Diagnostics.Process.resources.dll'
2021-12-07T15:10:50.1360624+08:00:[AssemblyCache] Trying to resolve 'System.Diagnostics.Process.resources' to 'C:\Program Files\dotnet\shared\Microsoft.NETCore.App\3.1.0\System.Diagnostics.Process.resources.exe'
2021-12-07T15:10:50.1361312+08:00:[AssemblyCache] Could not resolve 'System.Diagnostics.Process.resources' in folder 'C:\Program Files\dotnet\shared\Microsoft.NETCore.App\3.1.0'
2021-12-07T15:10:50.1365112+08:00:[AssemblyCache] Trying to resolve 'System.Diagnostics.Process.resources' in folder 'C:\Program Files\dotnet\shared\Microsoft.WindowsDesktop.App\3.1.0'
2021-12-07T15:10:50.1365199+08:00:[AssemblyCache] Trying to resolve 'System.Diagnostics.Process.resources' to 'C:\Program Files\dotnet\shared\Microsoft.WindowsDesktop.App\3.1.0\System.Diagnostics.Process.resources.dll'
2021-12-07T15:10:50.1365993+08:00:[AssemblyCache] Trying to resolve 'System.Diagnostics.Process.resources' to 'C:\Program Files\dotnet\shared\Microsoft.WindowsDesktop.App\3.1.0\System.Diagnostics.Process.resources.exe'
2021-12-07T15:10:50.1366499+08:00:[AssemblyCache] Could not resolve 'System.Diagnostics.Process.resources' in folder 'C:\Program Files\dotnet\shared\Microsoft.WindowsDesktop.App\3.1.0'
2021-12-07T15:10:50.1385097+08:00:Assembly resolving System.Diagnostics.Process.resources, Version=4.2.2.0, Culture=en, PublicKeyToken=b03f5f7f11d50a3a
2021-12-07T15:10:50.1485693+08:00:Thread#-1:Scheduler: get next test for thread -1
2021-12-07T15:10:50.1485956+08:00:Thread#:Scheduler: at the end of normal test queue
2021-12-07T15:10:50.1485981+08:00:Thread#-1:Scheduler: enumerator for thread is at end
2021-12-07T15:10:50.1554657+08:00;Thread#11;Info;test run finished
2021-12-07T15:10:50.1557452+08:00;Thread#11;Info;publishing test results
2021-12-07T15:10:50.1558882+08:00;Thread#11;Info;Not publishing results.
2021-12-07T15:10:50.1559430+08:00;Thread#11;Info;test results published
2021-12-07T15:10:50.1559783+08:00;Thread#11;Info;generating reports
2021-12-07T15:10:50.2488764+08:00;Thread#11;Info;Starting external report generation process
2021-12-07T15:10:53.6519050+08:00;Thread#11;Info;Successfully generated reports.
2021-12-07T15:10:53.6541959+08:00;Thread#11;Info;Successfully generated reports
2021-12-07T15:10:53.6636145+08:00:Total: 1 (test executions: 3)
2021-12-07T15:10:53.6653385+08:00:Succeeded: 0
2021-12-07T15:10:53.6656454+08:00:Ignored: 0
2021-12-07T15:10:53.6659335+08:00:Pending: 0
2021-12-07T15:10:53.6659742+08:00:Skipped: 0
2021-12-07T15:10:53.6662648+08:00:Failed: 1
2021-12-07T15:10:53.6756864+08:00;VSTestExecutionThread;Info;Adding attachments to VSTest
2021-12-07T15:10:53.6758489+08:00;VSTestExecutionThread;Info;adding Test Execution Report 'C:\Users\Public\Documents\BSuiteE2ERegressionTestSuite\bin\Debug\netcoreapp3.1\TestResults\TestRunReport.html'
========== End of log file ==========
